This is pdfTeX, Version 3.141592653-2.6-1.40.22 (TeX Live 2022/dev/Debian) (preloaded format=pdflatex 2024.4.14)  18 MAY 2024 21:50
entering extended mode
 restricted \write18 enabled.
 file:line:error style messages enabled.
 %&-line parsing enabled.
**/home/tsoyarty/Desktop/Bc_work/Documentation/main.tex
(/home/tsoyarty/Desktop/Bc_work/Documentation/main.tex
LaTeX2e <2021-11-15> patch level 1
L3 programming layer <2022-01-21> (./ctuthesis.cls (/usr/share/texlive/texmf-dist/tex/latex/l3kernel/expl3.sty
Package: expl3 2022-01-21 L3 programming layer (loader) 
 (/usr/share/texlive/texmf-dist/tex/latex/l3backend/l3backend-pdftex.def
File: l3backend-pdftex.def 2022-01-12 L3 backend support: PDF output (pdfTeX)
\l__color_backend_stack_int=\count185
\l__pdf_internal_box=\box50
)) (/usr/share/texlive/texmf-dist/tex/latex/l3packages/l3keys2e/l3keys2e.sty
Package: l3keys2e 2022-01-12 LaTeX2e option processing using LaTeX3 keys
) (/usr/share/texlive/texmf-dist/tex/latex/environ/environ.sty
Package: environ 2014/05/04 v0.3 A new way to define environments
 (/usr/share/texlive/texmf-dist/tex/latex/trimspaces/trimspaces.sty
Package: trimspaces 2009/09/17 v1.1 Trim spaces around a token list
)
\@envbody=\toks16
) (/usr/share/texlive/texmf-dist/tex/latex/l3packages/xparse/xparse.sty
Package: xparse 2022-01-12 L3 Experimental document command parser
) (/usr/share/texlive/texmf-dist/tex/latex/base/inputenc.sty
Package: inputenc 2021/02/14 v1.3d Input encoding file
\inpenc@prehook=\toks17
\inpenc@posthook=\toks18
)
Document Class: ctuthesis 2016/06/15 v0.1 t1606152353 Class for typesetting CTU theses and alike
(./ctuth-core.tex
File: ctuth-core.tex 2016/06/15 v0.1t1606152353 "Core" part of the class ctuthesis
\g_ctuthesis_tempa_skip=\skip47
) (/usr/share/texlive/texmf-dist/tex/latex/base/book.cls
Document Class: book 2021/10/04 v1.4n Standard LaTeX document class
(/usr/share/texlive/texmf-dist/tex/latex/base/bk11.clo
File: bk11.clo 2021/10/04 v1.4n Standard LaTeX file (size option)
)
\c@part=\count186
\c@chapter=\count187
\c@section=\count188
\c@subsection=\count189
\c@subsubsection=\count190
\c@paragraph=\count191
\c@subparagraph=\count192
\c@figure=\count193
\c@table=\count194
\abovecaptionskip=\skip48
\belowcaptionskip=\skip49
\bibindent=\dimen138
) (./ctuth-names.tex
File: ctuthesis-names.def 2014/01/18 v0.1 "Names"partoftheclassctuthesis
)) (/usr/share/texlive/texmf-dist/tex/latex/tools/tabularx.sty
Package: tabularx 2020/01/15 v2.11c `tabularx' package (DPC)
 (/usr/share/texlive/texmf-dist/tex/latex/tools/array.sty
Package: array 2021/10/04 v2.5f Tabular extension package (FMi)
\col@sep=\dimen139
\ar@mcellbox=\box51
\extrarowheight=\dimen140
\NC@list=\toks19
\extratabsurround=\skip50
\backup@length=\skip51
\ar@cellbox=\box52
)
\TX@col@width=\dimen141
\TX@old@table=\dimen142
\TX@old@col=\dimen143
\TX@target=\dimen144
\TX@delta=\dimen145
\TX@cols=\count195
\TX@ftn=\toks20
) (/usr/share/texlive/texmf-dist/tex/latex/booktabs/booktabs.sty
Package: booktabs 2020/01/12 v1.61803398 Publication quality tables
\heavyrulewidth=\dimen146
\lightrulewidth=\dimen147
\cmidrulewidth=\dimen148
\belowrulesep=\dimen149
\belowbottomsep=\dimen150
\aboverulesep=\dimen151
\abovetopsep=\dimen152
\cmidrulesep=\dimen153
\cmidrulekern=\dimen154
\defaultaddspace=\dimen155
\@cmidla=\count196
\@cmidlb=\count197
\@aboverulesep=\dimen156
\@belowrulesep=\dimen157
\@thisruleclass=\count198
\@lastruleclass=\count199
\@thisrulewidth=\dimen158
) (/usr/share/texlive/texmf-dist/tex/latex/algorithm2e/algorithm2e.sty
Package: algorithm2e 2017/07/18 v5.2 algorithms environments
\c@AlgoLine=\count266
 (/usr/share/texlive/texmf-dist/tex/latex/base/ifthen.sty
Package: ifthen 2020/11/24 v1.1c Standard LaTeX ifthen package (DPC)
)
\algocf@hangindent=\skip52
 (/usr/share/texlive/texmf-dist/tex/latex/ifoddpage/ifoddpage.sty
Package: ifoddpage 2016/04/23 v1.1 Conditionals for odd/even page detection
\c@checkoddpage=\count267
) (/usr/share/texlive/texmf-dist/tex/latex/tools/xspace.sty
Package: xspace 2014/10/28 v1.13 Space after command names (DPC,MH)
) (/usr/share/texlive/texmf-dist/tex/latex/relsize/relsize.sty
Package: relsize 2013/03/29 ver 4.1
)
\skiptotal=\skip53
\skiplinenumber=\skip54
\skiprule=\skip55
\skiphlne=\skip56
\skiptext=\skip57
\skiplength=\skip58
\algomargin=\skip59
\skipalgocfslide=\skip60
\algowidth=\dimen159
\inoutsize=\dimen160
\inoutindent=\dimen161
\interspacetitleruled=\dimen162
\interspacealgoruled=\dimen163
\interspacetitleboxruled=\dimen164
\algocf@ruledwidth=\skip61
\algocf@inoutbox=\box53
\algocf@inputbox=\box54
\AlCapSkip=\skip62
\AlCapHSkip=\skip63
\algoskipindent=\skip64
\algocf@nlbox=\box55
\algocf@hangingbox=\box56
\algocf@untilbox=\box57
\algocf@skipuntil=\skip65
\algocf@capbox=\box58
\algocf@lcaptionbox=\skip66
\algoheightruledefault=\skip67
\algoheightrule=\skip68
\algotitleheightruledefault=\skip69
\algotitleheightrule=\skip70
\c@algocfline=\count268
\c@algocfproc=\count269
\c@algocf=\count270
\algocf@algoframe=\box59
\algocf@algobox=\box60
) (/usr/share/texlive/texmf-dist/tex/latex/graphics/graphicx.sty
Package: graphicx 2021/09/16 v1.2d Enhanced LaTeX Graphics (DPC,SPQR)
 (/usr/share/texlive/texmf-dist/tex/latex/graphics/keyval.sty
Package: keyval 2014/10/28 v1.15 key=value parser (DPC)
\KV@toks@=\toks21
) (/usr/share/texlive/texmf-dist/tex/latex/graphics/graphics.sty
Package: graphics 2021/03/04 v1.4d Standard LaTeX Graphics (DPC,SPQR)
 (/usr/share/texlive/texmf-dist/tex/latex/graphics/trig.sty
Package: trig 2021/08/11 v1.11 sin cos tan (DPC)
) (/usr/share/texlive/texmf-dist/tex/latex/graphics-cfg/graphics.cfg
File: graphics.cfg 2016/06/04 v1.11 sample graphics configuration
)
Package graphics Info: Driver file: pdftex.def on input line 107.
 (/usr/share/texlive/texmf-dist/tex/latex/graphics-def/pdftex.def
File: pdftex.def 2020/10/05 v1.2a Graphics/color driver for pdftex
))
\Gin@req@height=\dimen165
\Gin@req@width=\dimen166
) (/usr/share/texlive/texmf-dist/tex/latex/caption/subcaption.sty
Package: subcaption 2020/10/07 v1.3j Sub-captions (AR)
 (/usr/share/texlive/texmf-dist/tex/latex/caption/caption.sty
Package: caption 2020/10/26 v3.5g Customizing captions (AR)
 (/usr/share/texlive/texmf-dist/tex/latex/caption/caption3.sty
Package: caption3 2020/10/21 v2.2e caption3 kernel (AR)
\captionmargin=\dimen167
\captionmargin@=\dimen168
\captionwidth=\dimen169
\caption@tempdima=\dimen170
\caption@indent=\dimen171
\caption@parindent=\dimen172
\caption@hangindent=\dimen173
Package caption Info: Standard document class detected.
)
\c@caption@flags=\count271
\c@continuedfloat=\count272
)
\c@subfigure=\count273
\c@subtable=\count274
) (./ctuth-pkg.tex
File: ctuth-pkg.tex 2016/06/15 v0.1t1606152353 "Packages" part of the class ctuthesis
 (/usr/share/texmf/tex/latex/lm/lmodern.sty
Package: lmodern 2009/10/30 v1.6 Latin Modern Fonts
LaTeX Font Info:    Overwriting symbol font `operators' in version `normal'
(Font)                  OT1/cmr/m/n --> OT1/lmr/m/n on input line 22.
LaTeX Font Info:    Overwriting symbol font `letters' in version `normal'
(Font)                  OML/cmm/m/it --> OML/lmm/m/it on input line 23.
LaTeX Font Info:    Overwriting symbol font `symbols' in version `normal'
(Font)                  OMS/cmsy/m/n --> OMS/lmsy/m/n on input line 24.
LaTeX Font Info:    Overwriting symbol font `largesymbols' in version `normal'
(Font)                  OMX/cmex/m/n --> OMX/lmex/m/n on input line 25.
LaTeX Font Info:    Overwriting symbol font `operators' in version `bold'
(Font)                  OT1/cmr/bx/n --> OT1/lmr/bx/n on input line 26.
LaTeX Font Info:    Overwriting symbol font `letters' in version `bold'
(Font)                  OML/cmm/b/it --> OML/lmm/b/it on input line 27.
LaTeX Font Info:    Overwriting symbol font `symbols' in version `bold'
(Font)                  OMS/cmsy/b/n --> OMS/lmsy/b/n on input line 28.
LaTeX Font Info:    Overwriting symbol font `largesymbols' in version `bold'
(Font)                  OMX/cmex/m/n --> OMX/lmex/m/n on input line 29.
LaTeX Font Info:    Overwriting math alphabet `\mathbf' in version `normal'
(Font)                  OT1/cmr/bx/n --> OT1/lmr/bx/n on input line 31.
LaTeX Font Info:    Overwriting math alphabet `\mathsf' in version `normal'
(Font)                  OT1/cmss/m/n --> OT1/lmss/m/n on input line 32.
LaTeX Font Info:    Overwriting math alphabet `\mathit' in version `normal'
(Font)                  OT1/cmr/m/it --> OT1/lmr/m/it on input line 33.
LaTeX Font Info:    Overwriting math alphabet `\mathtt' in version `normal'
(Font)                  OT1/cmtt/m/n --> OT1/lmtt/m/n on input line 34.
LaTeX Font Info:    Overwriting math alphabet `\mathbf' in version `bold'
(Font)                  OT1/cmr/bx/n --> OT1/lmr/bx/n on input line 35.
LaTeX Font Info:    Overwriting math alphabet `\mathsf' in version `bold'
(Font)                  OT1/cmss/bx/n --> OT1/lmss/bx/n on input line 36.
LaTeX Font Info:    Overwriting math alphabet `\mathit' in version `bold'
(Font)                  OT1/cmr/bx/it --> OT1/lmr/bx/it on input line 37.
LaTeX Font Info:    Overwriting math alphabet `\mathtt' in version `bold'
(Font)                  OT1/cmtt/m/n --> OT1/lmtt/m/n on input line 38.
) (/usr/share/texlive/texmf-dist/tex/latex/base/fontenc.sty
Package: fontenc 2021/04/29 v2.0v Standard LaTeX package
LaTeX Font Info:    Trying to load font information for T1+lmr on input line 112.
 (/usr/share/texmf/tex/latex/lm/t1lmr.fd
File: t1lmr.fd 2009/10/30 v1.6 Font defs for Latin Modern
)) (/usr/share/texlive/texmf-dist/tex/latex/microtype/microtype.sty
Package: microtype 2021/12/10 v3.0b Micro-typographical refinements (RS)
 (/usr/share/texlive/texmf-dist/tex/latex/etoolbox/etoolbox.sty
Package: etoolbox 2020/10/05 v2.5k e-TeX tools for LaTeX (JAW)
\etb@tempcnta=\count275
)
\MT@toks=\toks22
\MT@count=\count276
\MT@tempbox=\box61
LaTeX Info: Redefining \leftprotrusion on input line 1010.
LaTeX Info: Redefining \rightprotrusion on input line 1018.
LaTeX Info: Redefining \textls on input line 1173.
\MT@outer@kern=\dimen174
LaTeX Info: Redefining \textmicrotypecontext on input line 1759.
\MT@listname@count=\count277
 (/usr/share/texlive/texmf-dist/tex/latex/microtype/microtype-pdftex.def
File: microtype-pdftex.def 2021/12/10 v3.0b Definitions specific to pdftex (RS)
LaTeX Info: Redefining \lsstyle on input line 897.
LaTeX Info: Redefining \lslig on input line 897.
\MT@outer@space=\skip71
)
Package microtype Info: Loading configuration file microtype.cfg.
 (/usr/share/texlive/texmf-dist/tex/latex/microtype/microtype.cfg
File: microtype.cfg 2021/12/10 v3.0b microtype main configuration file (RS)
)) (/usr/share/texlive/texmf-dist/tex/latex/pdfpages/pdfpages.sty
Package: pdfpages 2022/01/29 v0.5u Insert pages of external PDF documents (AM)
 (/usr/share/texlive/texmf-dist/tex/latex/tools/calc.sty
Package: calc 2017/05/25 v4.3 Infix arithmetic (KKT,FJ)
\calc@Acount=\count278
\calc@Bcount=\count279
\calc@Adimen=\dimen175
\calc@Bdimen=\dimen176
\calc@Askip=\skip72
\calc@Bskip=\skip73
LaTeX Info: Redefining \setlength on input line 80.
LaTeX Info: Redefining \addtolength on input line 81.
\calc@Ccount=\count280
\calc@Cskip=\skip74
) (/usr/share/texlive/texmf-dist/tex/latex/eso-pic/eso-pic.sty
Package: eso-pic 2020/10/14 v3.0a eso-pic (RN)
\ESO@tempdima=\dimen177
\ESO@tempdimb=\dimen178
 (/usr/share/texlive/texmf-dist/tex/latex/xcolor/xcolor.sty
Package: xcolor 2021/10/31 v2.13 LaTeX color extensions (UK)
 (/usr/share/texlive/texmf-dist/tex/latex/graphics-cfg/color.cfg
File: color.cfg 2016/01/02 v1.6 sample color configuration
)
Package xcolor Info: Driver file: pdftex.def on input line 227.
Package xcolor Info: Model `cmy' substituted by `cmy0' on input line 1352.
Package xcolor Info: Model `hsb' substituted by `rgb' on input line 1356.
Package xcolor Info: Model `RGB' extended on input line 1368.
Package xcolor Info: Model `HTML' substituted by `rgb' on input line 1370.
Package xcolor Info: Model `Hsb' substituted by `hsb' on input line 1371.
Package xcolor Info: Model `tHsb' substituted by `hsb' on input line 1372.
Package xcolor Info: Model `HSB' substituted by `hsb' on input line 1373.
Package xcolor Info: Model `Gray' substituted by `gray' on input line 1374.
Package xcolor Info: Model `wave' substituted by `hsb' on input line 1375.
))
\AM@pagewidth=\dimen179
\AM@pageheight=\dimen180
\AM@fboxrule=\dimen181
 (/usr/share/texlive/texmf-dist/tex/latex/pdfpages/pppdftex.def
File: pppdftex.def 2022/01/29 v0.5u Pdfpages driver for pdfTeX (AM)
)
\pdfpages@includegraphics@status=\count281
\AM@pagebox=\box62
\AM@global@opts=\toks23
\AM@pagecnt=\count282
\AM@toc@title=\toks24
\c@AM@survey=\count283
\AM@templatesizebox=\box63
) (/usr/share/texlive/texmf-dist/tex/generic/babel/babel.sty
Package: babel 2022/01/26 3.70 The Babel package
\babel@savecnt=\count284
\U@D=\dimen182
\l@unhyphenated=\language87
 (/usr/share/texlive/texmf-dist/tex/generic/babel/txtbabel.def)
\bbl@readstream=\read2
\bbl@dirlevel=\count285
 (/usr/share/texlive/texmf-dist/tex/generic/babel-english/english.ldf
Language: english 2017/06/06 v3.3r English support from the babel system
Package babel Info: Hyphen rules for 'canadian' set to \l@english
(babel)             (\language0). Reported on input line 102.
Package babel Info: Hyphen rules for 'australian' set to \l@ukenglish
(babel)             (\language69). Reported on input line 105.
Package babel Info: Hyphen rules for 'newzealand' set to \l@ukenglish
(babel)             (\language69). Reported on input line 108.
) (/usr/share/texlive/texmf-dist/tex/generic/babel-czech/czech.ldf
Language: czech 2008/07/06 v3.1a Czech support from the babel system
Package babel Info: Making " an active character on input line 172.
\cs@wordlen=\count286
Package babel Info: Making - an active character on input line 226.
) (/usr/share/texlive/texmf-dist/tex/generic/babel-english/english.ldf
Language: english 2017/06/06 v3.3r English support from the babel system
))
\g_ctuthesis_geometry_textwidth_dim=\dimen183
\g_ctuthesis_geometry_textheight_dim=\dimen184
 (/usr/share/texlive/texmf-dist/tex/latex/geometry/geometry.sty
Package: geometry 2020/01/02 v5.9 Page Geometry
 (/usr/share/texlive/texmf-dist/tex/generic/iftex/ifvtex.sty
Package: ifvtex 2019/10/25 v1.7 ifvtex legacy package. Use iftex instead.
 (/usr/share/texlive/texmf-dist/tex/generic/iftex/iftex.sty
Package: iftex 2020/03/06 v1.0d TeX engine tests
))
\Gm@cnth=\count287
\Gm@cntv=\count288
\c@Gm@tempcnt=\count289
\Gm@bindingoffset=\dimen185
\Gm@wd@mp=\dimen186
\Gm@odd@mp=\dimen187
\Gm@even@mp=\dimen188
\Gm@layoutwidth=\dimen189
\Gm@layoutheight=\dimen190
\Gm@layouthoffset=\dimen191
\Gm@layoutvoffset=\dimen192
\Gm@dimlist=\toks25
)
\g_ctuthesis_geometry_innermargin_dim=\dimen193
*geometry* verbose mode - [ newgeometry ] result:
* driver: 
* paper: a4paper
* layout: <same size as paper>
* layoutoffset:(h,v)=(0.0pt,0.0pt)
* vratio: 5:6
* modes: twoside 
* h-part:(L,W,R)=(93.8031pt, 363.0pt, 140.70477pt)
* v-part:(T,H,B)=(96.02798pt, 633.78513pt, 115.23373pt)
* \paperwidth=597.50787pt
* \paperheight=845.04684pt
* \textwidth=363.0pt
* \textheight=633.78513pt
* \oddsidemargin=21.53311pt
* \evensidemargin=68.43478pt
* \topmargin=-12.1158pt
* \headheight=16.0pt
* \headsep=19.8738pt
* \topskip=11.0pt
* \footskip=27.46295pt
* \marginparwidth=106.0pt
* \marginparsep=10.0pt
* \columnsep=10.0pt
* \skip\footins=10.0pt plus 4.0pt minus 2.0pt
* \hoffset=0.0pt
* \voffset=0.0pt
* \mag=1000
* \@twocolumnfalse
* \@twosidetrue
* \@mparswitchtrue
* \@reversemarginfalse
* (1in=72.27pt=25.4mm, 1cm=28.453pt)

 (/usr/share/texlive/texmf-dist/tex/latex/titlesec/titlesec.sty
Package: titlesec 2021/07/05 v2.14 Sectioning titles
\ttl@box=\box64
\beforetitleunit=\skip75
\aftertitleunit=\skip76
\ttl@plus=\dimen194
\ttl@minus=\dimen195
\ttl@toksa=\toks26
\titlewidth=\dimen196
\titlewidthlast=\dimen197
\titlewidthfirst=\dimen198
)
\ctu@title@rulewidth=\skip77
\ctu@title@rulesep=\skip78
\ctu@title@box=\box65
 (/usr/share/texlive/texmf-dist/tex/latex/fancyhdr/fancyhdr.sty
Package: fancyhdr 2021/01/28 v4.0.1 Extensive control of page headers and footers
\f@nch@headwidth=\skip79
\f@nch@O@elh=\skip80
\f@nch@O@erh=\skip81
\f@nch@O@olh=\skip82
\f@nch@O@orh=\skip83
\f@nch@O@elf=\skip84
\f@nch@O@erf=\skip85
\f@nch@O@olf=\skip86
\f@nch@O@orf=\skip87
)
\g_ctuthesis_fancy_bluerule_l_box=\box66
LaTeX Font Info:    Trying to load font information for T1+lmss on input line 588.
 (/usr/share/texmf/tex/latex/lm/t1lmss.fd
File: t1lmss.fd 2009/10/30 v1.6 Font defs for Latin Modern
)
\g_ctuthesis_fancy_bluerule_r_box=\box67
\g_ctuthesis_fancy_bluerule_c_box=\box68
 (/usr/share/texlive/texmf-dist/tex/latex/float/float.sty
Package: float 2001/11/08 v1.3d Float enhancements (AL)
\c@float@type=\count290
\float@exts=\toks27
\float@box=\box69
\@float@everytoks=\toks28
\@floatcapt=\box70
)
\@float@every@figure=\toks29
\@float@every@table=\toks30
\g_ctuthesis_tempa_box=\box71
\g_ctuthesis_list_label_i_box=\box72
\g_ctuthesis_list_label_ii_box=\box73
\g_ctuthesis_list_label_iii_box=\box74
\g_ctuthesis_list_label_iv_box=\box75
 (/usr/share/texlive/texmf-dist/tex/latex/amsmath/amsmath.sty
Package: amsmath 2021/10/15 v2.17l AMS math features
\@mathmargin=\skip88

For additional information on amsmath, use the `?' option.
(/usr/share/texlive/texmf-dist/tex/latex/amsmath/amstext.sty
Package: amstext 2021/08/26 v2.01 AMS text
 (/usr/share/texlive/texmf-dist/tex/latex/amsmath/amsgen.sty
File: amsgen.sty 1999/11/30 v2.0 generic functions
\@emptytoks=\toks31
\ex@=\dimen199
)) (/usr/share/texlive/texmf-dist/tex/latex/amsmath/amsbsy.sty
Package: amsbsy 1999/11/29 v1.2d Bold Symbols
\pmbraise@=\dimen256
) (/usr/share/texlive/texmf-dist/tex/latex/amsmath/amsopn.sty
Package: amsopn 2021/08/26 v2.02 operator names
)
\inf@bad=\count291
LaTeX Info: Redefining \frac on input line 234.
\uproot@=\count292
\leftroot@=\count293
LaTeX Info: Redefining \overline on input line 399.
\classnum@=\count294
\DOTSCASE@=\count295
LaTeX Info: Redefining \ldots on input line 496.
LaTeX Info: Redefining \dots on input line 499.
LaTeX Info: Redefining \cdots on input line 620.
\Mathstrutbox@=\box76
\strutbox@=\box77
\big@size=\dimen257
LaTeX Font Info:    Redeclaring font encoding OML on input line 743.
LaTeX Font Info:    Redeclaring font encoding OMS on input line 744.
\macc@depth=\count296
\c@MaxMatrixCols=\count297
\dotsspace@=\muskip16
\c@parentequation=\count298
\dspbrk@lvl=\count299
\tag@help=\toks32
\row@=\count300
\column@=\count301
\maxfields@=\count302
\andhelp@=\toks33
\eqnshift@=\dimen258
\alignsep@=\dimen259
\tagshift@=\dimen260
\tagwidth@=\dimen261
\totwidth@=\dimen262
\lineht@=\dimen263
\@envbody=\toks34
\multlinegap=\skip89
\multlinetaggap=\skip90
\mathdisplay@stack=\toks35
LaTeX Info: Redefining \[ on input line 2938.
LaTeX Info: Redefining \] on input line 2939.
) (/usr/share/texlive/texmf-dist/tex/latex/amsfonts/amssymb.sty
Package: amssymb 2013/01/14 v3.01 AMS font symbols
 (/usr/share/texlive/texmf-dist/tex/latex/amsfonts/amsfonts.sty
Package: amsfonts 2013/01/14 v3.01 Basic AMSFonts support
\symAMSa=\mathgroup4
\symAMSb=\mathgroup5
LaTeX Font Info:    Redeclaring math symbol \hbar on input line 98.
LaTeX Font Info:    Overwriting math alphabet `\mathfrak' in version `bold'
(Font)                  U/euf/m/n --> U/euf/b/n on input line 106.
)) (/usr/share/texlive/texmf-dist/tex/latex/amscls/amsthm.sty
Package: amsthm 2020/05/29 v2.20.6
\thm@style=\toks36
\thm@bodyfont=\toks37
\thm@headfont=\toks38
\thm@notefont=\toks39
\thm@headpunct=\toks40
\thm@preskip=\skip91
\thm@postskip=\skip92
\thm@headsep=\skip93
\dth@everypar=\toks41
) (/usr/share/texlive/texmf-dist/tex/latex/base/makeidx.sty
Package: makeidx 2021/10/04 v1.0m Standard LaTeX package
)
\@indexfile=\write3
\openout3 = `main.idx'.


Writing index file main.idx
(/usr/share/texlive/texmf-dist/tex/latex/tools/multicol.sty
Package: multicol 2021/10/28 v1.9b multicolumn formatting (FMi)
\c@tracingmulticols=\count303
\mult@box=\box78
\multicol@leftmargin=\dimen264
\c@unbalance=\count304
\c@collectmore=\count305
\doublecol@number=\count306
\multicoltolerance=\count307
\multicolpretolerance=\count308
\full@width=\dimen265
\page@free=\dimen266
\premulticols=\dimen267
\postmulticols=\dimen268
\multicolsep=\skip94
\multicolbaselineskip=\skip95
\partial@page=\box79
\last@line=\box80
\maxbalancingoverflow=\dimen269
\mult@rightbox=\box81
\mult@grightbox=\box82
\mult@firstbox=\box83
\mult@gfirstbox=\box84
\@tempa=\box85
\@tempa=\box86
\@tempa=\box87
\@tempa=\box88
\@tempa=\box89
\@tempa=\box90
\@tempa=\box91
\@tempa=\box92
\@tempa=\box93
\@tempa=\box94
\@tempa=\box95
\@tempa=\box96
\@tempa=\box97
\@tempa=\box98
\@tempa=\box99
\@tempa=\box100
\@tempa=\box101
\@tempa=\box102
\@tempa=\box103
\@tempa=\box104
\@tempa=\box105
\@tempa=\box106
\@tempa=\box107
\@tempa=\box108
\@tempa=\box109
\@tempa=\box110
\@tempa=\box111
\@tempa=\box112
\@tempa=\box113
\@tempa=\box114
\@tempa=\box115
\@tempa=\box116
\@tempa=\box117
\@tempa=\box118
\@tempa=\box119
\@tempa=\box120
\c@minrows=\count309
\c@columnbadness=\count310
\c@finalcolumnbadness=\count311
\last@try=\dimen270
\multicolovershoot=\dimen271
\multicolundershoot=\dimen272
\mult@nat@firstbox=\box121
\colbreak@box=\box122
\mc@col@check@num=\count312
) (/usr/share/texlive/texmf-dist/tex/latex/hyperref/hyperref.sty
Package: hyperref 2021-06-07 v7.00m Hypertext links for LaTeX
 (/usr/share/texlive/texmf-dist/tex/generic/ltxcmds/ltxcmds.sty
Package: ltxcmds 2020-05-10 v1.25 LaTeX kernel commands for general use (HO)
) (/usr/share/texlive/texmf-dist/tex/generic/pdftexcmds/pdftexcmds.sty
Package: pdftexcmds 2020-06-27 v0.33 Utility functions of pdfTeX for LuaTeX (HO)
 (/usr/share/texlive/texmf-dist/tex/generic/infwarerr/infwarerr.sty
Package: infwarerr 2019/12/03 v1.5 Providing info/warning/error messages (HO)
)
Package pdftexcmds Info: \pdf@primitive is available.
Package pdftexcmds Info: \pdf@ifprimitive is available.
Package pdftexcmds Info: \pdfdraftmode found.
) (/usr/share/texlive/texmf-dist/tex/generic/kvsetkeys/kvsetkeys.sty
Package: kvsetkeys 2019/12/15 v1.18 Key value parser (HO)
) (/usr/share/texlive/texmf-dist/tex/generic/kvdefinekeys/kvdefinekeys.sty
Package: kvdefinekeys 2019-12-19 v1.6 Define keys (HO)
) (/usr/share/texlive/texmf-dist/tex/generic/pdfescape/pdfescape.sty
Package: pdfescape 2019/12/09 v1.15 Implements pdfTeX's escape features (HO)
) (/usr/share/texlive/texmf-dist/tex/latex/hycolor/hycolor.sty
Package: hycolor 2020-01-27 v1.10 Color options for hyperref/bookmark (HO)
) (/usr/share/texlive/texmf-dist/tex/latex/letltxmacro/letltxmacro.sty
Package: letltxmacro 2019/12/03 v1.6 Let assignment for LaTeX macros (HO)
) (/usr/share/texlive/texmf-dist/tex/latex/auxhook/auxhook.sty
Package: auxhook 2019-12-17 v1.6 Hooks for auxiliary files (HO)
) (/usr/share/texlive/texmf-dist/tex/latex/kvoptions/kvoptions.sty
Package: kvoptions 2020-10-07 v3.14 Key value format for package options (HO)
)
\@linkdim=\dimen273
\Hy@linkcounter=\count313
\Hy@pagecounter=\count314
 (/usr/share/texlive/texmf-dist/tex/latex/hyperref/pd1enc.def
File: pd1enc.def 2021-06-07 v7.00m Hyperref: PDFDocEncoding definition (HO)
Now handling font encoding PD1 ...
... no UTF-8 mapping file for font encoding PD1
) (/usr/share/texlive/texmf-dist/tex/latex/hyperref/hyperref-langpatches.def
File: hyperref-langpatches.def 2021-06-07 v7.00m Hyperref: patches for babel languages
) (/usr/share/texlive/texmf-dist/tex/generic/intcalc/intcalc.sty
Package: intcalc 2019/12/15 v1.3 Expandable calculations with integers (HO)
) (/usr/share/texlive/texmf-dist/tex/generic/etexcmds/etexcmds.sty
Package: etexcmds 2019/12/15 v1.7 Avoid name clashes with e-TeX commands (HO)
)
\Hy@SavedSpaceFactor=\count315
 (/usr/share/texlive/texmf-dist/tex/latex/hyperref/puenc.def
File: puenc.def 2021-06-07 v7.00m Hyperref: PDF Unicode definition (HO)
Now handling font encoding PU ...
... no UTF-8 mapping file for font encoding PU
)
Package hyperref Info: Hyper figures OFF on input line 4192.
Package hyperref Info: Link nesting OFF on input line 4197.
Package hyperref Info: Hyper index ON on input line 4200.
Package hyperref Info: Plain pages OFF on input line 4207.
Package hyperref Info: Backreferencing OFF on input line 4212.
Package hyperref Info: Implicit mode ON; LaTeX internals redefined.
Package hyperref Info: Bookmarks ON on input line 4445.
\c@Hy@tempcnt=\count316
 (/usr/share/texlive/texmf-dist/tex/latex/url/url.sty
\Urlmuskip=\muskip17
Package: url 2013/09/16  ver 3.4  Verb mode for urls, etc.
)
LaTeX Info: Redefining \url on input line 4804.
\XeTeXLinkMargin=\dimen274
 (/usr/share/texlive/texmf-dist/tex/generic/bitset/bitset.sty
Package: bitset 2019/12/09 v1.3 Handle bit-vector datatype (HO)
 (/usr/share/texlive/texmf-dist/tex/generic/bigintcalc/bigintcalc.sty
Package: bigintcalc 2019/12/15 v1.5 Expandable calculations on big integers (HO)
))
\Fld@menulength=\count317
\Field@Width=\dimen275
\Fld@charsize=\dimen276
Package hyperref Info: Hyper figures OFF on input line 6076.
Package hyperref Info: Link nesting OFF on input line 6081.
Package hyperref Info: Hyper index ON on input line 6084.
Package hyperref Info: backreferencing OFF on input line 6091.
Package hyperref Info: Link coloring OFF on input line 6096.
Package hyperref Info: Link coloring with OCG OFF on input line 6101.
Package hyperref Info: PDF/A mode OFF on input line 6106.
LaTeX Info: Redefining \ref on input line 6146.
LaTeX Info: Redefining \pageref on input line 6150.
 (/usr/share/texlive/texmf-dist/tex/latex/base/atbegshi-ltx.sty
Package: atbegshi-ltx 2021/01/10 v1.0c Emulation of the original atbegshi
package with kernel methods
)
\Hy@abspage=\count318
\c@Item=\count319
\c@Hfootnote=\count320
)
Package hyperref Info: Driver (autodetected): hpdftex.
 (/usr/share/texlive/texmf-dist/tex/latex/hyperref/hpdftex.def
File: hpdftex.def 2021-06-07 v7.00m Hyperref driver for pdfTeX
 (/usr/share/texlive/texmf-dist/tex/latex/base/atveryend-ltx.sty
Package: atveryend-ltx 2020/08/19 v1.0a Emulation of the original atveryend package
with kernel methods
)
\Fld@listcount=\count321
\c@bookmark@seq@number=\count322
 (/usr/share/texlive/texmf-dist/tex/latex/rerunfilecheck/rerunfilecheck.sty
Package: rerunfilecheck 2019/12/05 v1.9 Rerun checks for auxiliary files (HO)
 (/usr/share/texlive/texmf-dist/tex/generic/uniquecounter/uniquecounter.sty
Package: uniquecounter 2019/12/15 v1.4 Provide unlimited unique counter (HO)
)
Package uniquecounter Info: New unique counter `rerunfilecheck' on input line 286.
)
\Hy@SectionHShift=\skip96
)
Package hyperref Info: Option `colorlinks' set `false' on input line 957.
Package hyperref Info: Option `linktocpage' set `true' on input line 957.


Package hyperref Warning: Token not allowed in a PDF string (Unicode):
(hyperref)                removing `\ctuthesis_field_use:nn' on input line 957.


Package hyperref Warning: Token not allowed in a PDF string (Unicode):
(hyperref)                removing `\ctuthesis_field_use:n' on input line 957.

) (./ctuth-templates.tex
File: ctuth-templates.tex 2016/06/15 v0.1t1606152353 "Templates" part of the class ctuthesis
) (./main.aux)
\openout1 = `main.aux'.

LaTeX Font Info:    Checking defaults for OML/cmm/m/it on input line 64.
LaTeX Font Info:    ... okay on input line 64.
LaTeX Font Info:    Checking defaults for OMS/cmsy/m/n on input line 64.
LaTeX Font Info:    ... okay on input line 64.
LaTeX Font Info:    Checking defaults for OT1/cmr/m/n on input line 64.
LaTeX Font Info:    ... okay on input line 64.
LaTeX Font Info:    Checking defaults for T1/cmr/m/n on input line 64.
LaTeX Font Info:    ... okay on input line 64.
LaTeX Font Info:    Checking defaults for TS1/cmr/m/n on input line 64.
LaTeX Font Info:    ... okay on input line 64.
LaTeX Font Info:    Checking defaults for OMX/cmex/m/n on input line 64.
LaTeX Font Info:    ... okay on input line 64.
LaTeX Font Info:    Checking defaults for U/cmr/m/n on input line 64.
LaTeX Font Info:    ... okay on input line 64.
LaTeX Font Info:    Checking defaults for PD1/pdf/m/n on input line 64.
LaTeX Font Info:    ... okay on input line 64.
LaTeX Font Info:    Checking defaults for PU/pdf/m/n on input line 64.
LaTeX Font Info:    ... okay on input line 64.
 (/usr/share/texlive/texmf-dist/tex/context/base/mkii/supp-pdf.mkii
[Loading MPS to PDF converter (version 2006.09.02).]
\scratchcounter=\count323
\scratchdimen=\dimen277
\scratchbox=\box123
\nofMPsegments=\count324
\nofMParguments=\count325
\everyMPshowfont=\toks42
\MPscratchCnt=\count326
\MPscratchDim=\dimen278
\MPnumerator=\count327
\makeMPintoPDFobject=\count328
\everyMPtoPDFconversion=\toks43
) (/usr/share/texlive/texmf-dist/tex/latex/epstopdf-pkg/epstopdf-base.sty
Package: epstopdf-base 2020-01-24 v2.11 Base part for package epstopdf
Package epstopdf-base Info: Redefining graphics rule for `.eps' on input line 485.
 (/usr/share/texlive/texmf-dist/tex/latex/latexconfig/epstopdf-sys.cfg
File: epstopdf-sys.cfg 2010/07/13 v1.3 Configuration of (r)epstopdf for TeX Live
))
Package caption Info: Begin \AtBeginDocument code.
Package caption Info: float package is loaded.
Package caption Info: hyperref package is loaded.
Package caption Info: End \AtBeginDocument code.
LaTeX Info: Redefining \microtypecontext on input line 64.
Package microtype Info: Applying patch `item' on input line 64.
Package microtype Info: Applying patch `toc' on input line 64.
Package microtype Info: Applying patch `eqnum' on input line 64.
Package microtype Info: Applying patch `footnote' on input line 64.
Package microtype Info: Generating PDF output.
Package microtype Info: Character protrusion enabled (level 2).
Package microtype Info: Using default protrusion set `alltext'.
Package microtype Info: Automatic font expansion enabled (level 2),
(microtype)             stretch: 20, shrink: 20, step: 1, non-selected.
Package microtype Info: Using default expansion set `alltext-nott'.
LaTeX Info: Redefining \showhyphens on input line 64.
Package microtype Info: No adjustment of tracking.
Package microtype Info: No adjustment of interword spacing.
Package microtype Info: No adjustment of character kerning.
 (/usr/share/texlive/texmf-dist/tex/latex/microtype/mt-cmr.cfg
File: mt-cmr.cfg 2013/05/19 v2.2 microtype config. file: Computer Modern Roman (RS)
) (/usr/share/texlive/texmf-dist/tex/latex/pdflscape/pdflscape.sty
Package: pdflscape 2019/12/05 v0.12 Display of landscape pages in PDF (HO)
 (/usr/share/texlive/texmf-dist/tex/latex/graphics/lscape.sty
Package: lscape 2020/05/28 v3.02 Landscape Pages (DPC)
)
Package pdflscape Info: Auto-detected driver: pdftex on input line 81.
)
*geometry* driver: auto-detecting
*geometry* detected driver: pdftex
*geometry* verbose mode - [ preamble ] result:
* driver: pdftex
* paper: a4paper
* layout: <same size as paper>
* layoutoffset:(h,v)=(0.0pt,0.0pt)
* vratio: 5:6
* modes: twoside 
* h-part:(L,W,R)=(93.8031pt, 363.0pt, 140.70477pt)
* v-part:(T,H,B)=(96.02798pt, 633.78513pt, 115.23373pt)
* \paperwidth=597.50787pt
* \paperheight=845.04684pt
* \textwidth=363.0pt
* \textheight=633.78513pt
* \oddsidemargin=21.53311pt
* \evensidemargin=68.43478pt
* \topmargin=-12.1158pt
* \headheight=16.0pt
* \headsep=19.8738pt
* \topskip=11.0pt
* \footskip=27.46295pt
* \marginparwidth=90.70477pt
* \marginparsep=10.0pt
* \columnsep=10.0pt
* \skip\footins=10.0pt plus 4.0pt minus 2.0pt
* \hoffset=0.0pt
* \voffset=0.0pt
* \mag=1000
* \@twocolumnfalse
* \@twosidetrue
* \@mparswitchtrue
* \@reversemarginfalse
* (1in=72.27pt=25.4mm, 1cm=28.453pt)

Package hyperref Info: Link coloring OFF on input line 64.
(/usr/share/texlive/texmf-dist/tex/latex/hyperref/nameref.sty
Package: nameref 2021-04-02 v2.47 Cross-referencing by name of section
 (/usr/share/texlive/texmf-dist/tex/latex/refcount/refcount.sty
Package: refcount 2019/12/15 v3.6 Data extraction from label references (HO)
) (/usr/share/texlive/texmf-dist/tex/generic/gettitlestring/gettitlestring.sty
Package: gettitlestring 2019/12/15 v1.6 Cleanup title references (HO)
)
\c@section@level=\count329
)
LaTeX Info: Redefining \ref on input line 64.
LaTeX Info: Redefining \pageref on input line 64.
LaTeX Info: Redefining \nameref on input line 64.
 (./main.out) (./main.out)
\@outlinefile=\write4
\openout4 = `main.out'.

Package microtype Info: Loading generic protrusion settings for font family
(microtype)             `lmss' (encoding: T1).
(microtype)             For optimal results, create family-specific settings.
(microtype)             See the microtype manual for details.
LaTeX Font Info:    Trying to load font information for OT1+lmr on input line 66.
 (/usr/share/texmf/tex/latex/lm/ot1lmr.fd
File: ot1lmr.fd 2009/10/30 v1.6 Font defs for Latin Modern
)
LaTeX Font Info:    Trying to load font information for OML+lmm on input line 66.
 (/usr/share/texmf/tex/latex/lm/omllmm.fd
File: omllmm.fd 2009/10/30 v1.6 Font defs for Latin Modern
)
LaTeX Font Info:    Trying to load font information for OMS+lmsy on input line 66.
 (/usr/share/texmf/tex/latex/lm/omslmsy.fd
File: omslmsy.fd 2009/10/30 v1.6 Font defs for Latin Modern
)
LaTeX Font Info:    Trying to load font information for OMX+lmex on input line 66.
 (/usr/share/texmf/tex/latex/lm/omxlmex.fd
File: omxlmex.fd 2009/10/30 v1.6 Font defs for Latin Modern
)
LaTeX Font Info:    External font `lmex10' loaded for size
(Font)              <10.95> on input line 66.
LaTeX Font Info:    External font `lmex10' loaded for size
(Font)              <8> on input line 66.
LaTeX Font Info:    External font `lmex10' loaded for size
(Font)              <6> on input line 66.
LaTeX Font Info:    Trying to load font information for U+msa on input line 66.
 (/usr/share/texlive/texmf-dist/tex/latex/amsfonts/umsa.fd
File: umsa.fd 2013/01/14 v3.01 AMS symbols A
) (/usr/share/texlive/texmf-dist/tex/latex/microtype/mt-msa.cfg
File: mt-msa.cfg 2006/02/04 v1.1 microtype config. file: AMS symbols (a) (RS)
)
LaTeX Font Info:    Trying to load font information for U+msb on input line 66.
 (/usr/share/texlive/texmf-dist/tex/latex/amsfonts/umsb.fd
File: umsb.fd 2013/01/14 v3.01 AMS symbols B
) (/usr/share/texlive/texmf-dist/tex/latex/microtype/mt-msb.cfg
File: mt-msb.cfg 2005/06/01 v1.0 microtype config. file: AMS symbols (b) (RS)
)
<ctu_logo_black.pdf, id=140, 366.36874pt x 279.0425pt>
File: ctu_logo_black.pdf Graphic file (type pdf)
<use ctu_logo_black.pdf>
Package pdftex.def Info: ctu_logo_black.pdf  used on input line 66.
(pdftex.def)             Requested size: 85.86746pt x 65.40001pt.
LaTeX Font Info:    External font `lmex10' loaded for size
(Font)              <14.4> on input line 66.
LaTeX Font Info:    External font `lmex10' loaded for size
(Font)              <10> on input line 66.
LaTeX Font Info:    External font `lmex10' loaded for size
(Font)              <7> on input line 66.

Overfull \hbox (5.0pt too wide) in paragraph at lines 66--66
[]|| [][][] 
 []

[1



{/var/lib/texmf/fonts/map/pdftex/updmap/pdftex.map} <./ctu_logo_black.pdf>]
LaTeX Font Info:    Trying to load font information for T1+lmtt on input line 66.
 (/usr/share/texmf/tex/latex/lm/t1lmtt.fd
File: t1lmtt.fd 2009/10/30 v1.6 Font defs for Latin Modern
)
Package microtype Info: Loading generic protrusion settings for font family
(microtype)             `lmtt' (encoding: T1).
(microtype)             For optimal results, create family-specific settings.
(microtype)             See the microtype manual for details.
 [2

]
*geometry* verbose mode - [ newgeometry ] result:
* driver: pdftex
* paper: a4paper
* layout: <same size as paper>
* layoutoffset:(h,v)=(0.0pt,0.0pt)
* vratio: 5:6
* modes: twoside 
* h-part:(L,W,R)=(93.8031pt, 420.0pt, 83.70477pt)
* v-part:(T,H,B)=(96.02798pt, 633.78513pt, 115.23373pt)
* \paperwidth=597.50787pt
* \paperheight=845.04684pt
* \textwidth=420.0pt
* \textheight=633.78513pt
* \oddsidemargin=21.53311pt
* \evensidemargin=11.43478pt
* \topmargin=-12.1158pt
* \headheight=16.0pt
* \headsep=19.8738pt
* \topskip=11.0pt
* \footskip=27.46295pt
* \marginparwidth=90.70477pt
* \marginparsep=10.0pt
* \columnsep=30.0pt
* \skip\footins=10.0pt plus 4.0pt minus 2.0pt
* \hoffset=0.0pt
* \voffset=0.0pt
* \mag=1000
* \@twocolumnfalse
* \@twosidetrue
* \@mparswitchtrue
* \@reversemarginfalse
* (1in=72.27pt=25.4mm, 1cm=28.453pt)


Underfull \hbox (badness 2460) in paragraph at lines 66--66
\T1/lmr/m/n/10.95 (+20) de-vel-oped in-de-pen-dently and that I
 []


Underfull \hbox (badness 10000) in paragraph at lines 66--66

 []

[3


] [4

] (./main.toc)
\tf@toc=\write5
\openout5 = `main.toc'.

 [5

] (./main.lof [6

])
\tf@lof=\write6
\openout6 = `main.lof'.

 [7] (./main.lot)
\tf@lot=\write7
\openout7 = `main.lot'.

 [8

]
*geometry* verbose mode - [ newgeometry ] result:
* driver: pdftex
* paper: a4paper
* layout: <same size as paper>
* layoutoffset:(h,v)=(0.0pt,0.0pt)
* vratio: 5:6
* modes: twoside 
* h-part:(L,W,R)=(93.8031pt, 363.0pt, 140.70477pt)
* v-part:(T,H,B)=(96.02798pt, 633.78513pt, 115.23373pt)
* \paperwidth=597.50787pt
* \paperheight=845.04684pt
* \textwidth=363.0pt
* \textheight=633.78513pt
* \oddsidemargin=21.53311pt
* \evensidemargin=68.43478pt
* \topmargin=-12.1158pt
* \headheight=16.0pt
* \headsep=19.8738pt
* \topskip=11.0pt
* \footskip=27.46295pt
* \marginparwidth=90.70477pt
* \marginparsep=10.0pt
* \columnsep=10.0pt
* \skip\footins=10.0pt plus 4.0pt minus 2.0pt
* \hoffset=0.0pt
* \voffset=0.0pt
* \mag=1000
* \@twocolumnfalse
* \@twosidetrue
* \@mparswitchtrue
* \@reversemarginfalse
* (1in=72.27pt=25.4mm, 1cm=28.453pt)

<BP.pdf, id=361, 597.50829pt x 845.0471pt>
File: BP.pdf Graphic file (type pdf)
<use BP.pdf>
Package pdftex.def Info: BP.pdf  used on input line 68.
(pdftex.def)             Requested size: 597.50682pt x 845.04504pt.
File: BP.pdf Graphic file (type pdf)
<use BP.pdf>
Package pdftex.def Info: BP.pdf  used on input line 68.
(pdftex.def)             Requested size: 597.50682pt x 845.04504pt.
<BP.pdf, id=364, page=1, 597.50829pt x 845.0471pt>
File: BP.pdf Graphic file (type pdf)
<use BP.pdf, page 1>
Package pdftex.def Info: BP.pdf , page1 used on input line 68.
(pdftex.def)             Requested size: 597.50682pt x 845.04504pt.
File: BP.pdf Graphic file (type pdf)
<use BP.pdf, page 1>
Package pdftex.def Info: BP.pdf , page1 used on input line 68.
(pdftex.def)             Requested size: 597.53416pt x 845.08372pt.
File: BP.pdf Graphic file (type pdf)
<use BP.pdf, page 1>
Package pdftex.def Info: BP.pdf , page1 used on input line 68.
(pdftex.def)             Requested size: 597.53416pt x 845.08372pt.
File: BP.pdf Graphic file (type pdf)
<use BP.pdf, page 1>
Package pdftex.def Info: BP.pdf , page1 used on input line 68.
(pdftex.def)             Requested size: 597.53416pt x 845.08372pt.
File: BP.pdf Graphic file (type pdf)
<use BP.pdf, page 1>
Package pdftex.def Info: BP.pdf , page1 used on input line 68.
(pdftex.def)             Requested size: 597.53416pt x 845.08372pt.
 [1




 <./BP.pdf>]
File: BP.pdf Graphic file (type pdf)
<use BP.pdf>
Package pdftex.def Info: BP.pdf  used on input line 69.
(pdftex.def)             Requested size: 597.50682pt x 845.04504pt.
File: BP.pdf Graphic file (type pdf)
<use BP.pdf>
Package pdftex.def Info: BP.pdf  used on input line 69.
(pdftex.def)             Requested size: 597.50682pt x 845.04504pt.
<BP.pdf, id=410, page=2, 597.50829pt x 845.0471pt>
File: BP.pdf Graphic file (type pdf)
<use BP.pdf, page 2>
Package pdftex.def Info: BP.pdf , page2 used on input line 69.
(pdftex.def)             Requested size: 597.50682pt x 845.04504pt.
File: BP.pdf Graphic file (type pdf)
<use BP.pdf, page 2>
Package pdftex.def Info: BP.pdf , page2 used on input line 69.
(pdftex.def)             Requested size: 597.53416pt x 845.08372pt.
File: BP.pdf Graphic file (type pdf)
<use BP.pdf, page 2>
Package pdftex.def Info: BP.pdf , page2 used on input line 69.
(pdftex.def)             Requested size: 597.53416pt x 845.08372pt.
File: BP.pdf Graphic file (type pdf)
<use BP.pdf, page 2>
Package pdftex.def Info: BP.pdf , page2 used on input line 69.
(pdftex.def)             Requested size: 597.53416pt x 845.08372pt.
File: BP.pdf Graphic file (type pdf)
<use BP.pdf, page 2>
Package pdftex.def Info: BP.pdf , page2 used on input line 69.
(pdftex.def)             Requested size: 597.53416pt x 845.08372pt.
 [2 <./BP.pdf>]
Chapter 1.
[3

]
<figChap1/The-piano-movers-problem-EET.png, id=430, 853.1875pt x 853.1875pt>
File: figChap1/The-piano-movers-problem-EET.png Graphic file (type png)
<use figChap1/The-piano-movers-problem-EET.png>
Package pdftex.def Info: figChap1/The-piano-movers-problem-EET.png  used on input line 127.
(pdftex.def)             Requested size: 145.19778pt x 145.19618pt.
<figChap1/RRTsimple2.pdf, id=433, 462.52798pt x 346.89601pt>
File: figChap1/RRTsimple2.pdf Graphic file (type pdf)
<use figChap1/RRTsimple2.pdf>
Package pdftex.def Info: figChap1/RRTsimple2.pdf  used on input line 134.
(pdftex.def)             Requested size: 181.5pt x 136.12521pt.
<figChap1/narrow_passage.pdf, id=438, 462.52798pt x 346.89601pt>
File: figChap1/narrow_passage.pdf Graphic file (type pdf)
<use figChap1/narrow_passage.pdf>
Package pdftex.def Info: figChap1/narrow_passage.pdf  used on input line 147.
(pdftex.def)             Requested size: 294.026pt x 220.53058pt.
LaTeX Font Info:    Font shape `T1/lmss/m/it' in size <10.95> not available
(Font)              Font shape `T1/lmss/m/sl' tried instead on input line 192.
 [4 <./figChap1/The-piano-movers-problem-EET.png> <./figChap1/RRTsimple2.pdf>]
<figChap1/Object_detection.pdf, id=653, 1927.2pt x 963.6pt>
File: figChap1/Object_detection.pdf Graphic file (type pdf)
<use figChap1/Object_detection.pdf>
Package pdftex.def Info: figChap1/Object_detection.pdf  used on input line 196.
(pdftex.def)             Requested size: 363.0pt x 181.49794pt.
 [5 <./figChap1/narrow_passage.pdf>] [6 <./figChap1/Object_detection.pdf>]
Chapter 2.
[7

] [8]
<figChap2/A-star-on-grid-map.png, id=1058, 167.96083pt x 168.29541pt>
File: figChap2/A-star-on-grid-map.png Graphic file (type png)
<use figChap2/A-star-on-grid-map.png>
Package pdftex.def Info: figChap2/A-star-on-grid-map.png  used on input line 351.
(pdftex.def)             Requested size: 130.68022pt x 130.94374pt.
File: figChap1/narrow_passage.pdf Graphic file (type pdf)
<use figChap1/narrow_passage.pdf>
Package pdftex.def Info: figChap1/narrow_passage.pdf  used on input line 359.
(pdftex.def)             Requested size: 221.43022pt x 166.07414pt.
LaTeX Font Info:    External font `lmex10' loaded for size
(Font)              <9> on input line 360.
LaTeX Font Info:    External font `lmex10' loaded for size
(Font)              <5> on input line 360.
 [9 <./figChap2/A-star-on-grid-map.png>]
Package epstopdf Info: Source file: <figChap2/ConfigSpace.eps>
(epstopdf)                    date: 2024-05-11 14:58:44
(epstopdf)                    size: 218098 bytes
(epstopdf)             Output file: <figChap2/ConfigSpace-eps-converted-to.pdf>
(epstopdf)                    date: 2024-05-11 14:59:04
(epstopdf)                    size: 14417 bytes
(epstopdf)             Command: <repstopdf --outfile=figChap2/ConfigSpace-eps-converted-to.pdf figChap2/ConfigSpace.eps>
(epstopdf)             \includegraphics on input line 412.
Package epstopdf Info: Output file is already uptodate.
<figChap2/ConfigSpace-eps-converted-to.pdf, id=1077, 271.0125pt x 271.0125pt>
File: figChap2/ConfigSpace-eps-converted-to.pdf Graphic file (type pdf)
<use figChap2/ConfigSpace-eps-converted-to.pdf>
Package pdftex.def Info: figChap2/ConfigSpace-eps-converted-to.pdf  used on input line 412.
(pdftex.def)             Requested size: 217.80222pt x 217.81102pt.
 [10 <./figChap2/ConfigSpace-eps-converted-to.pdf>]
Chapter 3.
Package epstopdf Info: Source file: <figChap3/2RRTexpansion100.eps>
(epstopdf)                    date: 2024-04-25 14:11:00
(epstopdf)                    size: 835516 bytes
(epstopdf)             Output file: <figChap3/2RRTexpansion100-eps-converted-to.pdf>
(epstopdf)                    date: 2024-04-25 14:11:49
(epstopdf)                    size: 5263 bytes
(epstopdf)             Command: <repstopdf --outfile=figChap3/2RRTexpansion100-eps-converted-to.pdf figChap3/2RRTexpansion100.eps>
(epstopdf)             \includegraphics on input line 473.
Package epstopdf Info: Output file is already uptodate.
<figChap3/2RRTexpansion100-eps-converted-to.pdf, id=1108, 271.0125pt x 271.0125pt>
File: figChap3/2RRTexpansion100-eps-converted-to.pdf Graphic file (type pdf)
<use figChap3/2RRTexpansion100-eps-converted-to.pdf>
Package pdftex.def Info: figChap3/2RRTexpansion100-eps-converted-to.pdf  used on input line 473.
(pdftex.def)             Requested size: 108.90111pt x 108.8993pt.
Package epstopdf Info: Source file: <figChap3/2RRTexpansion1000.eps>
(epstopdf)                    date: 2024-04-25 14:11:02
(epstopdf)                    size: 925615 bytes
(epstopdf)             Output file: <figChap3/2RRTexpansion1000-eps-converted-to.pdf>
(epstopdf)                    date: 2024-04-25 14:11:46
(epstopdf)                    size: 15743 bytes
(epstopdf)             Command: <repstopdf --outfile=figChap3/2RRTexpansion1000-eps-converted-to.pdf figChap3/2RRTexpansion1000.eps>
(epstopdf)             \includegraphics on input line 480.
Package epstopdf Info: Output file is already uptodate.
<figChap3/2RRTexpansion1000-eps-converted-to.pdf, id=1109, 271.0125pt x 271.0125pt>
File: figChap3/2RRTexpansion1000-eps-converted-to.pdf Graphic file (type pdf)
<use figChap3/2RRTexpansion1000-eps-converted-to.pdf>
Package pdftex.def Info: figChap3/2RRTexpansion1000-eps-converted-to.pdf  used on input line 480.
(pdftex.def)             Requested size: 108.90111pt x 108.8993pt.
Package epstopdf Info: Source file: <figChap3/2RRTexpansion2000.eps>
(epstopdf)                    date: 2024-04-25 14:11:08
(epstopdf)                    size: 1025663 bytes
(epstopdf)             Output file: <figChap3/2RRTexpansion2000-eps-converted-to.pdf>
(epstopdf)                    date: 2024-04-25 14:11:46
(epstopdf)                    size: 27780 bytes
(epstopdf)             Command: <repstopdf --outfile=figChap3/2RRTexpansion2000-eps-converted-to.pdf figChap3/2RRTexpansion2000.eps>
(epstopdf)             \includegraphics on input line 487.
Package epstopdf Info: Output file is already uptodate.
<figChap3/2RRTexpansion2000-eps-converted-to.pdf, id=1110, 271.0125pt x 271.0125pt>
File: figChap3/2RRTexpansion2000-eps-converted-to.pdf Graphic file (type pdf)
<use figChap3/2RRTexpansion2000-eps-converted-to.pdf>
Package pdftex.def Info: figChap3/2RRTexpansion2000-eps-converted-to.pdf  used on input line 487.
(pdftex.def)             Requested size: 108.90111pt x 108.8993pt.
<figChap3/ParentChild4.pdf, id=1111, 558.085pt x 241.90375pt>
File: figChap3/ParentChild4.pdf Graphic file (type pdf)
<use figChap3/ParentChild4.pdf>
Package pdftex.def Info: figChap3/ParentChild4.pdf  used on input line 530.
(pdftex.def)             Requested size: 290.40111pt x 125.87926pt.
[11

 <./figChap3/2RRTexpansion100-eps-converted-to.pdf> <./figChap3/2RRTexpansion1000-eps-converted-to.pdf> <./figChap3/2RRTexpansion2000-eps-converted-to.pdf>] [12 <./figChap3/ParentChild4.pdf>]
Package epstopdf Info: Source file: <figChap3/RRTstar_expansion100.eps>
(epstopdf)                    date: 2024-04-22 19:08:00
(epstopdf)                    size: 840021 bytes
(epstopdf)             Output file: <figChap3/RRTstar_expansion100-eps-converted-to.pdf>
(epstopdf)                    date: 2024-04-25 14:05:32
(epstopdf)                    size: 5192 bytes
(epstopdf)             Command: <repstopdf --outfile=figChap3/RRTstar_expansion100-eps-converted-to.pdf figChap3/RRTstar_expansion100.eps>
(epstopdf)             \includegraphics on input line 603.
Package epstopdf Info: Output file is already uptodate.
<figChap3/RRTstar_expansion100-eps-converted-to.pdf, id=1136, 271.0125pt x 271.0125pt>
File: figChap3/RRTstar_expansion100-eps-converted-to.pdf Graphic file (type pdf)
<use figChap3/RRTstar_expansion100-eps-converted-to.pdf>
Package pdftex.def Info: figChap3/RRTstar_expansion100-eps-converted-to.pdf  used on input line 603.
(pdftex.def)             Requested size: 108.90111pt x 108.8993pt.
Package epstopdf Info: Source file: <figChap3/RRTstar_expansion1000.eps>
(epstopdf)                    date: 2024-04-22 19:08:06
(epstopdf)                    size: 930561 bytes
(epstopdf)             Output file: <figChap3/RRTstar_expansion1000-eps-converted-to.pdf>
(epstopdf)                    date: 2024-04-25 14:05:40
(epstopdf)                    size: 14931 bytes
(epstopdf)             Command: <repstopdf --outfile=figChap3/RRTstar_expansion1000-eps-converted-to.pdf figChap3/RRTstar_expansion1000.eps>
(epstopdf)             \includegraphics on input line 610.
Package epstopdf Info: Output file is already uptodate.
<figChap3/RRTstar_expansion1000-eps-converted-to.pdf, id=1137, 271.0125pt x 271.0125pt>
File: figChap3/RRTstar_expansion1000-eps-converted-to.pdf Graphic file (type pdf)
<use figChap3/RRTstar_expansion1000-eps-converted-to.pdf>
Package pdftex.def Info: figChap3/RRTstar_expansion1000-eps-converted-to.pdf  used on input line 610.
(pdftex.def)             Requested size: 108.90111pt x 108.8993pt.
Package epstopdf Info: Source file: <figChap3/RRTstar_expansion2000.eps>
(epstopdf)                    date: 2024-04-22 19:08:20
(epstopdf)                    size: 1033786 bytes
(epstopdf)             Output file: <figChap3/RRTstar_expansion2000-eps-converted-to.pdf>
(epstopdf)                    date: 2024-04-25 14:05:50
(epstopdf)                    size: 25985 bytes
(epstopdf)             Command: <repstopdf --outfile=figChap3/RRTstar_expansion2000-eps-converted-to.pdf figChap3/RRTstar_expansion2000.eps>
(epstopdf)             \includegraphics on input line 617.
Package epstopdf Info: Output file is already uptodate.
<figChap3/RRTstar_expansion2000-eps-converted-to.pdf, id=1138, 271.0125pt x 271.0125pt>
File: figChap3/RRTstar_expansion2000-eps-converted-to.pdf Graphic file (type pdf)
<use figChap3/RRTstar_expansion2000-eps-converted-to.pdf>
Package pdftex.def Info: figChap3/RRTstar_expansion2000-eps-converted-to.pdf  used on input line 617.
(pdftex.def)             Requested size: 109.62671pt x 109.62712pt.
<figChap3/RRTstarNearNodes40pt.pdf, id=1141, 506.89375pt x 322.20375pt>
File: figChap3/RRTstarNearNodes40pt.pdf Graphic file (type pdf)
<use figChap3/RRTstarNearNodes40pt.pdf>
Package pdftex.def Info: figChap3/RRTstarNearNodes40pt.pdf  used on input line 639.
(pdftex.def)             Requested size: 163.34889pt x 103.83002pt.
<figChap3/RRTstarChooseParent40pt.pdf, id=1142, 506.89375pt x 322.20375pt>
File: figChap3/RRTstarChooseParent40pt.pdf Graphic file (type pdf)
<use figChap3/RRTstarChooseParent40pt.pdf>
Package pdftex.def Info: figChap3/RRTstarChooseParent40pt.pdf  used on input line 646.
(pdftex.def)             Requested size: 163.34889pt x 103.83002pt.
<figChap3/RRTstarCostEvaluation40pt.pdf, id=1143, 506.89375pt x 323.2075pt>
File: figChap3/RRTstarCostEvaluation40pt.pdf Graphic file (type pdf)
<use figChap3/RRTstarCostEvaluation40pt.pdf>
Package pdftex.def Info: figChap3/RRTstarCostEvaluation40pt.pdf  used on input line 653.
(pdftex.def)             Requested size: 163.34889pt x 104.15347pt.
<figChap3/RRTstarFinalLook40pt.pdf, id=1144, 506.89375pt x 322.20375pt>
File: figChap3/RRTstarFinalLook40pt.pdf Graphic file (type pdf)
<use figChap3/RRTstarFinalLook40pt.pdf>
Package pdftex.def Info: figChap3/RRTstarFinalLook40pt.pdf  used on input line 658.
(pdftex.def)             Requested size: 163.34889pt x 103.83002pt.
Package epstopdf Info: Source file: <figChap3/2RRTexpansion2000.eps>
(epstopdf)                    date: 2024-04-25 14:11:08
(epstopdf)                    size: 1025663 bytes
(epstopdf)             Output file: <figChap3/2RRTexpansion2000-eps-converted-to.pdf>
(epstopdf)                    date: 2024-04-25 14:11:46
(epstopdf)                    size: 27780 bytes
(epstopdf)             Command: <repstopdf --outfile=figChap3/2RRTexpansion2000-eps-converted-to.pdf figChap3/2RRTexpansion2000.eps>
(epstopdf)             \includegraphics on input line 716.
Package epstopdf Info: Output file is already uptodate.
File: figChap3/2RRTexpansion2000-eps-converted-to.pdf Graphic file (type pdf)
<use figChap3/2RRTexpansion2000-eps-converted-to.pdf>
Package pdftex.def Info: figChap3/2RRTexpansion2000-eps-converted-to.pdf  used on input line 716.
(pdftex.def)             Requested size: 163.34889pt x 163.3531pt.
Package epstopdf Info: Source file: <figChap3/RRTstar_expansion2000.eps>
(epstopdf)                    date: 2024-04-22 19:08:20
(epstopdf)                    size: 1033786 bytes
(epstopdf)             Output file: <figChap3/RRTstar_expansion2000-eps-converted-to.pdf>
(epstopdf)                    date: 2024-04-25 14:05:50
(epstopdf)                    size: 25985 bytes
(epstopdf)             Command: <repstopdf --outfile=figChap3/RRTstar_expansion2000-eps-converted-to.pdf figChap3/RRTstar_expansion2000.eps>
(epstopdf)             \includegraphics on input line 723.
Package epstopdf Info: Output file is already uptodate.
File: figChap3/RRTstar_expansion2000-eps-converted-to.pdf Graphic file (type pdf)
<use figChap3/RRTstar_expansion2000-eps-converted-to.pdf>
Package pdftex.def Info: figChap3/RRTstar_expansion2000-eps-converted-to.pdf  used on input line 723.
(pdftex.def)             Requested size: 163.34889pt x 163.3531pt.
<figChap3/RRT_maze7748i119w.pdf, id=1154, 270.62305pt x 270.62305pt>
File: figChap3/RRT_maze7748i119w.pdf Graphic file (type pdf)
<use figChap3/RRT_maze7748i119w.pdf>
Package pdftex.def Info: figChap3/RRT_maze7748i119w.pdf  used on input line 728.
(pdftex.def)             Requested size: 163.34889pt x 163.35373pt.
<figChap3/RRTstar_maze_7060i_35w.pdf, id=1155, 270.62305pt x 270.62305pt>
File: figChap3/RRTstar_maze_7060i_35w.pdf Graphic file (type pdf)
<use figChap3/RRTstar_maze_7060i_35w.pdf>
Package pdftex.def Info: figChap3/RRTstar_maze_7060i_35w.pdf  used on input line 735.
(pdftex.def)             Requested size: 163.34889pt x 163.35373pt.
<figChap3/6DRRT_new.pdf, id=1156, 273.85573pt x 267.10992pt>
File: figChap3/6DRRT_new.pdf Graphic file (type pdf)
<use figChap3/6DRRT_new.pdf>
Package pdftex.def Info: figChap3/6DRRT_new.pdf  used on input line 740.
(pdftex.def)             Requested size: 163.34889pt x 159.32976pt.
<figChap3/6DRRTstar3_new.pdf, id=1157, 273.85573pt x 267.10992pt>
File: figChap3/6DRRTstar3_new.pdf Graphic file (type pdf)
<use figChap3/6DRRTstar3_new.pdf>
Package pdftex.def Info: figChap3/6DRRTstar3_new.pdf  used on input line 747.
(pdftex.def)             Requested size: 163.34889pt x 159.32976pt.
 [13] [14 <./figChap3/RRTstar_expansion100-eps-converted-to.pdf> <./figChap3/RRTstar_expansion1000-eps-converted-to.pdf> <./figChap3/RRTstar_expansion2000-eps-converted-to.pdf> <./figChap3/RRTstarNearNodes40pt.pdf> <./figChap3/RRTstarChooseParent40pt.pdf

pdfTeX warning: pdflatex (file ./figChap3/RRTstarChooseParent40pt.pdf): PDF inclusion: multiple pdfs with page group included in a single page
> <./figChap3/RRTstarCostEvaluation40pt.pdf

pdfTeX warning: pdflatex (file ./figChap3/RRTstarCostEvaluation40pt.pdf): PDF inclusion: multiple pdfs with page group included in a single page
> <./figChap3/RRTstarFinalLook40pt.pdf

pdfTeX warning: pdflatex (file ./figChap3/RRTstarFinalLook40pt.pdf): PDF inclusion: multiple pdfs with page group included in a single page
>] [15] [16 <./figChap3/RRT_maze7748i119w.pdf> <./figChap3/RRTstar_maze_7060i_35w.pdf> <./figChap3/6DRRT_new.pdf> <./figChap3/6DRRTstar3_new.pdf>]
<figChap3/PRMmaze40pt.pdf, id=4678, 506.89375pt x 324.21124pt>
File: figChap3/PRMmaze40pt.pdf Graphic file (type pdf)
<use figChap3/PRMmaze40pt.pdf>
Package pdftex.def Info: figChap3/PRMmaze40pt.pdf  used on input line 809.
(pdftex.def)             Requested size: 163.34889pt x 104.47693pt.
<figChap3/PRMsamplePoints40pt.pdf, id=4679, 506.89375pt x 324.21124pt>
File: figChap3/PRMsamplePoints40pt.pdf Graphic file (type pdf)
<use figChap3/PRMsamplePoints40pt.pdf>
Package pdftex.def Info: figChap3/PRMsamplePoints40pt.pdf  used on input line 816.
(pdftex.def)             Requested size: 163.34889pt x 104.47693pt.
<figChap3/PRMconnecting40pt.pdf, id=4680, 506.89375pt x 324.21124pt>
File: figChap3/PRMconnecting40pt.pdf Graphic file (type pdf)
<use figChap3/PRMconnecting40pt.pdf>
Package pdftex.def Info: figChap3/PRMconnecting40pt.pdf  used on input line 823.
(pdftex.def)             Requested size: 163.34889pt x 104.47693pt.
<figChap3/PRMpathFinding40pt.pdf, id=4681, 506.89375pt x 324.21124pt>
File: figChap3/PRMpathFinding40pt.pdf Graphic file (type pdf)
<use figChap3/PRMpathFinding40pt.pdf>
Package pdftex.def Info: figChap3/PRMpathFinding40pt.pdf  used on input line 828.
(pdftex.def)             Requested size: 163.34889pt x 104.47693pt.

Underfull \hbox (badness 10000) in paragraph at lines 790--874

 []

[17

 <./figChap3/PRMmaze40pt.pdf> <./figChap3/PRMsamplePoints40pt.pdf

pdfTeX warning: pdflatex (file ./figChap3/PRMsamplePoints40pt.pdf): PDF inclusion: multiple pdfs with page group included in a single page
> <./figChap3/PRMconnecting40pt.pdf

pdfTeX warning: pdflatex (file ./figChap3/PRMconnecting40pt.pdf): PDF inclusion: multiple pdfs with page group included in a single page
> <./figChap3/PRMpathFinding40pt.pdf

pdfTeX warning: pdflatex (file ./figChap3/PRMpathFinding40pt.pdf): PDF inclusion: multiple pdfs with page group included in a single page
>]
<figChap3/InformedRRTstar_elips.png, id=4706, 1539.7525pt x 623.32875pt>
File: figChap3/InformedRRTstar_elips.png Graphic file (type png)
<use figChap3/InformedRRTstar_elips.png>
Package pdftex.def Info: figChap3/InformedRRTstar_elips.png  used on input line 927.
(pdftex.def)             Requested size: 363.0pt x 146.94832pt.
 [18] [19 <./figChap3/InformedRRTstar_elips.png>] [20] [21] [22]
Chapter 4.
[23

]
<figChap4/regular-transformed.jpeg, id=4765, 2569.6pt x 1140.26pt>
File: figChap4/regular-transformed.jpeg Graphic file (type jpg)
<use figChap4/regular-transformed.jpeg>
Package pdftex.def Info: figChap4/regular-transformed.jpeg  used on input line 1299.
(pdftex.def)             Requested size: 363.0pt x 161.07942pt.
<figChap4/irregular-transformed.jpeg, id=4766, 2569.6pt x 1140.26pt>
File: figChap4/irregular-transformed.jpeg Graphic file (type jpg)
<use figChap4/irregular-transformed.jpeg>
Package pdftex.def Info: figChap4/irregular-transformed.jpeg  used on input line 1304.
(pdftex.def)             Requested size: 363.0pt x 161.07942pt.
 [24] [25 <./figChap4/regular-transformed.jpeg> <./figChap4/irregular-transformed.jpeg>] [26]
Package epstopdf Info: Source file: <figChap4/SimpleMaze.eps>
(epstopdf)                    date: 2024-05-11 13:17:01
(epstopdf)                    size: 826683 bytes
(epstopdf)             Output file: <figChap4/SimpleMaze-eps-converted-to.pdf>
(epstopdf)                    date: 2024-05-11 13:17:13
(epstopdf)                    size: 5470 bytes
(epstopdf)             Command: <repstopdf --outfile=figChap4/SimpleMaze-eps-converted-to.pdf figChap4/SimpleMaze.eps>
(epstopdf)             \includegraphics on input line 1439.
Package epstopdf Info: Output file is already uptodate.
<figChap4/SimpleMaze-eps-converted-to.pdf, id=4810, 271.0125pt x 271.0125pt>
File: figChap4/SimpleMaze-eps-converted-to.pdf Graphic file (type pdf)
<use figChap4/SimpleMaze-eps-converted-to.pdf>
Package pdftex.def Info: figChap4/SimpleMaze-eps-converted-to.pdf  used on input line 1439.
(pdftex.def)             Requested size: 181.5pt x 181.50713pt.
<figChap4/GKDE_obsU.pdf, id=4811, 1387.58403pt x 723.42267pt>
File: figChap4/GKDE_obsU.pdf Graphic file (type pdf)
<use figChap4/GKDE_obsU.pdf>
Package pdftex.def Info: figChap4/GKDE_obsU.pdf  used on input line 1448.
(pdftex.def)             Requested size: 363.0pt x 189.24449pt.
<figChap4/GKDE_freeU.pdf, id=4812, 1387.58403pt x 723.42267pt>
File: figChap4/GKDE_freeU.pdf Graphic file (type pdf)
<use figChap4/GKDE_freeU.pdf>
Package pdftex.def Info: figChap4/GKDE_freeU.pdf  used on input line 1453.
(pdftex.def)             Requested size: 363.0pt x 189.24449pt.
<figChap4/RRTstar_maze216.0.pdf, id=4819, 270.62305pt x 270.62305pt>
File: figChap4/RRTstar_maze216.0.pdf Graphic file (type pdf)
<use figChap4/RRTstar_maze216.0.pdf>
Package pdftex.def Info: figChap4/RRTstar_maze216.0.pdf  used on input line 1481.
(pdftex.def)             Requested size: 163.34889pt x 163.35373pt.
<figChap4/RRTstarML_maze206.0.pdf, id=4820, 270.62305pt x 270.62305pt>
File: figChap4/RRTstarML_maze206.0.pdf Graphic file (type pdf)
<use figChap4/RRTstarML_maze206.0.pdf>
Package pdftex.def Info: figChap4/RRTstarML_maze206.0.pdf  used on input line 1486.
(pdftex.def)             Requested size: 163.34889pt x 163.35373pt.
<figChap4/RRTstarML_learning206.0.pdf, id=4825, 270.62305pt x 270.62305pt>
File: figChap4/RRTstarML_learning206.0.pdf Graphic file (type pdf)
<use figChap4/RRTstarML_learning206.0.pdf>
Package pdftex.def Info: figChap4/RRTstarML_learning206.0.pdf  used on input line 1507.
(pdftex.def)             Requested size: 163.34889pt x 163.35373pt.
File: figChap4/RRTstarML_maze206.0.pdf Graphic file (type pdf)
<use figChap4/RRTstarML_maze206.0.pdf>
Package pdftex.def Info: figChap4/RRTstarML_maze206.0.pdf  used on input line 1512.
(pdftex.def)             Requested size: 163.34889pt x 163.35373pt.
 [27 <./figChap4/SimpleMaze-eps-converted-to.pdf>]
Underfull \vbox (badness 10000) has occurred while \output is active []

 [28 <./figChap4/GKDE_obsU.pdf> <./figChap4/GKDE_freeU.pdf>] [29 <./figChap4/RRTstar_maze216.0.pdf> <./figChap4/RRTstarML_maze206.0.pdf> <./figChap4/RRTstarML_learning206.0.pdf>]
<figChap4/RRTstar2DML_learning237.2.pdf, id=7090, 270.62305pt x 270.62305pt>
File: figChap4/RRTstar2DML_learning237.2.pdf Graphic file (type pdf)
<use figChap4/RRTstar2DML_learning237.2.pdf>
Package pdftex.def Info: figChap4/RRTstar2DML_learning237.2.pdf  used on input line 1602.
(pdftex.def)             Requested size: 163.34889pt x 163.35373pt.
<figChap4/RRTstar2DML_maze237.2.pdf, id=7091, 270.62305pt x 270.62305pt>
File: figChap4/RRTstar2DML_maze237.2.pdf Graphic file (type pdf)
<use figChap4/RRTstar2DML_maze237.2.pdf>
Package pdftex.def Info: figChap4/RRTstar2DML_maze237.2.pdf  used on input line 1607.
(pdftex.def)             Requested size: 163.34889pt x 163.35373pt.
<figChap4/RRTstar2D_maze241.4.pdf, id=7094, 270.62305pt x 270.62305pt>
File: figChap4/RRTstar2D_maze241.4.pdf Graphic file (type pdf)
<use figChap4/RRTstar2D_maze241.4.pdf>
Package pdftex.def Info: figChap4/RRTstar2D_maze241.4.pdf  used on input line 1624.
(pdftex.def)             Requested size: 163.34889pt x 163.35373pt.
File: figChap4/RRTstar2DML_maze237.2.pdf Graphic file (type pdf)
<use figChap4/RRTstar2DML_maze237.2.pdf>
Package pdftex.def Info: figChap4/RRTstar2DML_maze237.2.pdf  used on input line 1629.
(pdftex.def)             Requested size: 163.34889pt x 163.35373pt.
 [30] [31 <./figChap4/RRTstar2DML_learning237.2.pdf> <./figChap4/RRTstar2DML_maze237.2.pdf> <./figChap4/RRTstar2D_maze241.4.pdf>] [32]
Chapter 5.
[33

]
<figChap5/graph_U_20pt_ticks_big.pdf, id=8791, 515.66057pt x 500.00519pt>
File: figChap5/graph_U_20pt_ticks_big.pdf Graphic file (type pdf)
<use figChap5/graph_U_20pt_ticks_big.pdf>
Package pdftex.def Info: figChap5/graph_U_20pt_ticks_big.pdf  used on input line 1769.
(pdftex.def)             Requested size: 177.872pt x 172.47145pt.
<figChap5/graph_U_20pt_ticks.pdf, id=8792, 515.66057pt x 500.00519pt>
File: figChap5/graph_U_20pt_ticks.pdf Graphic file (type pdf)
<use figChap5/graph_U_20pt_ticks.pdf>
Package pdftex.def Info: figChap5/graph_U_20pt_ticks.pdf  used on input line 1774.
(pdftex.def)             Requested size: 177.872pt x 172.47145pt.
File: figChap5/graph_U_20pt_ticks.pdf Graphic file (type pdf)
<use figChap5/graph_U_20pt_ticks.pdf>
Package pdftex.def Info: figChap5/graph_U_20pt_ticks.pdf  used on input line 1804.
(pdftex.def)             Requested size: 174.23845pt x 168.94664pt.
<figChap5/Maze_U_ticks.pdf, id=8799, 291.49316pt x 283.84431pt>
File: figChap5/Maze_U_ticks.pdf Graphic file (type pdf)
<use figChap5/Maze_U_ticks.pdf>
Package pdftex.def Info: figChap5/Maze_U_ticks.pdf  used on input line 1809.
(pdftex.def)             Requested size: 177.872pt x 173.2054pt.
<figChap5/graph_E_20pt_ticks.pdf, id=8804, 515.8236pt x 500.00519pt>
File: figChap5/graph_E_20pt_ticks.pdf Graphic file (type pdf)
<use figChap5/graph_E_20pt_ticks.pdf>
Package pdftex.def Info: figChap5/graph_E_20pt_ticks.pdf  used on input line 1821.
(pdftex.def)             Requested size: 174.23845pt x 168.89323pt.
<figChap5/Maze_E_ticks.pdf, id=8805, 291.49316pt x 283.84431pt>
File: figChap5/Maze_E_ticks.pdf Graphic file (type pdf)
<use figChap5/Maze_E_ticks.pdf>
Package pdftex.def Info: figChap5/Maze_E_ticks.pdf  used on input line 1826.
(pdftex.def)             Requested size: 177.872pt x 173.2054pt.
<figChap5/graph_clutter_20pt_ticks.pdf, id=8810, 515.66057pt x 500.00519pt>
File: figChap5/graph_clutter_20pt_ticks.pdf Graphic file (type pdf)
<use figChap5/graph_clutter_20pt_ticks.pdf>
Package pdftex.def Info: figChap5/graph_clutter_20pt_ticks.pdf  used on input line 1838.
(pdftex.def)             Requested size: 174.23845pt x 168.94664pt.
<figChap5/Maze_clutter_ticks.pdf, id=8811, 291.49316pt x 283.84431pt>
File: figChap5/Maze_clutter_ticks.pdf Graphic file (type pdf)
<use figChap5/Maze_clutter_ticks.pdf>
Package pdftex.def Info: figChap5/Maze_clutter_ticks.pdf  used on input line 1843.
(pdftex.def)             Requested size: 177.872pt x 173.2054pt.
<figChap5/graph_narrow_20pt_ticks.pdf, id=8816, 521.40862pt x 500.00519pt>
File: figChap5/graph_narrow_20pt_ticks.pdf Graphic file (type pdf)
<use figChap5/graph_narrow_20pt_ticks.pdf>
Package pdftex.def Info: figChap5/graph_narrow_20pt_ticks.pdf  used on input line 1855.
(pdftex.def)             Requested size: 174.23845pt x 167.08505pt.
<figChap5/Maze_narrow_ticks.pdf, id=8817, 293.28584pt x 283.84431pt>
File: figChap5/Maze_narrow_ticks.pdf Graphic file (type pdf)
<use figChap5/Maze_narrow_ticks.pdf>
Package pdftex.def Info: figChap5/Maze_narrow_ticks.pdf  used on input line 1860.
(pdftex.def)             Requested size: 177.872pt x 172.14429pt.
<figChap5/Maze_clutter_first_solution_RRTstarML.pdf, id=8828, 294.09875pt x 285.065pt>
File: figChap5/Maze_clutter_first_solution_RRTstarML.pdf Graphic file (type pdf)
<use figChap5/Maze_clutter_first_solution_RRTstarML.pdf>
Package pdftex.def Info: figChap5/Maze_clutter_first_solution_RRTstarML.pdf  used on input line 1893.
(pdftex.def)             Requested size: 174.23845pt x 168.88719pt.
<figChap5/Maze_clutter_first_solution_RRTstar.pdf, id=8829, 293.28584pt x 283.84431pt>
File: figChap5/Maze_clutter_first_solution_RRTstar.pdf Graphic file (type pdf)
<use figChap5/Maze_clutter_first_solution_RRTstar.pdf>
Package pdftex.def Info: figChap5/Maze_clutter_first_solution_RRTstar.pdf  used on input line 1898.
(pdftex.def)             Requested size: 174.23845pt x 168.62743pt.
<figChap5/Maze_clutter_first_solution_InformedRRTstar.pdf, id=8830, 293.28584pt x 283.84431pt>
File: figChap5/Maze_clutter_first_solution_InformedRRTstar.pdf Graphic file (type pdf)
<use figChap5/Maze_clutter_first_solution_InformedRRTstar.pdf>
Package pdftex.def Info: figChap5/Maze_clutter_first_solution_InformedRRTstar.pdf  used on input line 1903.
(pdftex.def)             Requested size: 116.16266pt x 112.4226pt.
<figChap5/Maze_clutter_first_solution_RRTsharp.pdf, id=8831, 293.28584pt x 283.84431pt>
File: figChap5/Maze_clutter_first_solution_RRTsharp.pdf Graphic file (type pdf)
<use figChap5/Maze_clutter_first_solution_RRTsharp.pdf>
Package pdftex.def Info: figChap5/Maze_clutter_first_solution_RRTsharp.pdf  used on input line 1908.
(pdftex.def)             Requested size: 116.16266pt x 112.4226pt.
<figChap5/Maze_clutter_first_solution_RRTXstatic.pdf, id=8832, 294.09875pt x 284.06125pt>
File: figChap5/Maze_clutter_first_solution_RRTXstatic.pdf Graphic file (type pdf)
<use figChap5/Maze_clutter_first_solution_RRTXstatic.pdf>
Package pdftex.def Info: figChap5/Maze_clutter_first_solution_RRTXstatic.pdf  used on input line 1913.
(pdftex.def)             Requested size: 116.16266pt x 112.19644pt.
<figChap5/Maze_clutter_final_solution_RRTstarML.pdf, id=8833, 294.09875pt x 284.06125pt>
File: figChap5/Maze_clutter_final_solution_RRTstarML.pdf Graphic file (type pdf)
<use figChap5/Maze_clutter_final_solution_RRTstarML.pdf>
Package pdftex.def Info: figChap5/Maze_clutter_final_solution_RRTstarML.pdf  used on input line 1926.
(pdftex.def)             Requested size: 174.23845pt x 168.29251pt.
<figChap5/Maze_clutter_final_solution_RRTstar2.pdf, id=8834, 294.09875pt x 284.06125pt>
File: figChap5/Maze_clutter_final_solution_RRTstar2.pdf Graphic file (type pdf)
<use figChap5/Maze_clutter_final_solution_RRTstar2.pdf>
Package pdftex.def Info: figChap5/Maze_clutter_final_solution_RRTstar2.pdf  used on input line 1931.
(pdftex.def)             Requested size: 174.23845pt x 168.29251pt.
<figChap5/Maze_clutter_final_solution_InformedRRTstar.pdf, id=8835, 294.09875pt x 284.06125pt>
File: figChap5/Maze_clutter_final_solution_InformedRRTstar.pdf Graphic file (type pdf)
<use figChap5/Maze_clutter_final_solution_InformedRRTstar.pdf>
Package pdftex.def Info: figChap5/Maze_clutter_final_solution_InformedRRTstar.pdf  used on input line 1936.
(pdftex.def)             Requested size: 116.16266pt x 112.19644pt.
<figChap5/Maze_clutter_final_solution_RRTsharp.pdf, id=8836, 293.28584pt x 283.84431pt>
File: figChap5/Maze_clutter_final_solution_RRTsharp.pdf Graphic file (type pdf)
<use figChap5/Maze_clutter_final_solution_RRTsharp.pdf>
Package pdftex.def Info: figChap5/Maze_clutter_final_solution_RRTsharp.pdf  used on input line 1941.
(pdftex.def)             Requested size: 116.16266pt x 112.4226pt.
<figChap5/Maze_clutter_final_solution_RRTXstatic.pdf, id=8837, 294.09875pt x 284.06125pt>
File: figChap5/Maze_clutter_final_solution_RRTXstatic.pdf Graphic file (type pdf)
<use figChap5/Maze_clutter_final_solution_RRTXstatic.pdf>
Package pdftex.def Info: figChap5/Maze_clutter_final_solution_RRTXstatic.pdf  used on input line 1946.
(pdftex.def)             Requested size: 116.16266pt x 112.19644pt.
<figChap5/Maze_clutter_RRTstarML_learning500.pdf, id=8838, 270.62305pt x 270.62305pt>
File: figChap5/Maze_clutter_RRTstarML_learning500.pdf Graphic file (type pdf)
<use figChap5/Maze_clutter_RRTstarML_learning500.pdf>
Package pdftex.def Info: figChap5/Maze_clutter_RRTstarML_learning500.pdf  used on input line 1958.
(pdftex.def)             Requested size: 116.16266pt x 116.1633pt.
<figChap5/Maze_clutter_RRTstarML_learning1000.pdf, id=8839, 270.62305pt x 270.62305pt>
File: figChap5/Maze_clutter_RRTstarML_learning1000.pdf Graphic file (type pdf)
<use figChap5/Maze_clutter_RRTstarML_learning1000.pdf>
Package pdftex.def Info: figChap5/Maze_clutter_RRTstarML_learning1000.pdf  used on input line 1963.
(pdftex.def)             Requested size: 116.16266pt x 116.1633pt.
<figChap5/Maze_clutter_RRTstarML_learning5000.pdf, id=8840, 270.62305pt x 270.62305pt>
File: figChap5/Maze_clutter_RRTstarML_learning5000.pdf Graphic file (type pdf)
<use figChap5/Maze_clutter_RRTstarML_learning5000.pdf>
Package pdftex.def Info: figChap5/Maze_clutter_RRTstarML_learning5000.pdf  used on input line 1968.
(pdftex.def)             Requested size: 116.16266pt x 116.1633pt.
 [34]
Underfull \vbox (badness 7704) has occurred while \output is active []

 [35 <./figChap5/graph_U_20pt_ticks_big.pdf> <./figChap5/graph_U_20pt_ticks.pdf>] [36 <./figChap5/Maze_U_ticks.pdf> <./figChap5/graph_E_20pt_ticks.pdf> <./figChap5/Maze_E_ticks.pdf>] [37 <./figChap5/graph_clutter_20pt_ticks.pdf> <./figChap5/Maze_clutter_ticks.pdf> <./figChap5/graph_narrow_20pt_ticks.pdf> <./figChap5/Maze_narrow_ticks.pdf>] [38 <./figChap5/Maze_clutter_first_solution_RRTstarML.pdf> <./figChap5/Maze_clutter_first_solution_RRTstar.pdf> <./figChap5/Maze_clutter_first_solution_InformedRRTstar.pdf> <./figChap5/Maze_clutter_first_solution_RRTsharp.pdf> <./figChap5/Maze_clutter_first_solution_RRTXstatic.pdf

pdfTeX warning: pdflatex (file ./figChap5/Maze_clutter_first_solution_RRTXstatic.pdf): PDF inclusion: multiple pdfs with page group included in a single page
>] [39 <./figChap5/Maze_clutter_final_solution_RRTstarML.pdf> <./figChap5/Maze_clutter_final_solution_RRTstar2.pdf

pdfTeX warning: pdflatex (file ./figChap5/Maze_clutter_final_solution_RRTstar2.pdf): PDF inclusion: multiple pdfs with page group included in a single page
> <./figChap5/Maze_clutter_final_solution_InformedRRTstar.pdf

pdfTeX warning: pdflatex (file ./figChap5/Maze_clutter_final_solution_InformedRRTstar.pdf): PDF inclusion: multiple pdfs with page group included in a single page
> <./figChap5/Maze_clutter_final_solution_RRTsharp.pdf> <./figChap5/Maze_clutter_final_solution_RRTXstatic.pdf

pdfTeX warning: pdflatex (file ./figChap5/Maze_clutter_final_solution_RRTXstatic.pdf): PDF inclusion: multiple pdfs with page group included in a single page
> <./figChap5/Maze_clutter_RRTstarML_learning500.pdf> <./figChap5/Maze_clutter_RRTstarML_learning1000.pdf> <./figChap5/Maze_clutter_RRTstarML_learning5000.pdf>]
<figChap5/graph_clutter_learning_time.pdf, id=16738, 533.71318pt x 500.00519pt>
File: figChap5/graph_clutter_learning_time.pdf Graphic file (type pdf)
<use figChap5/graph_clutter_learning_time.pdf>
Package pdftex.def Info: figChap5/graph_clutter_learning_time.pdf  used on input line 1985.
(pdftex.def)             Requested size: 181.5pt x 170.03766pt.

Overfull \hbox (2.37349pt too wide) in paragraph at lines 2024--2030
\T1/lmr/m/n/10.95 (-20) The av-er-age time spent by RRT*_ML to pre-dict point in the $\OMS/lmsy/m/n/10.95 C[]$ \T1/lmr/m/n/10.95 (-20) is $\OT1/lmr/m/n/10.95 (-20) (0\OML/lmm/m/it/10.95 :\OT1/lmr/m/n/10.95 (-20) 037988 \OMS/lmsy/m/n/10.95 ^^F
 []

[40

 <./figChap5/graph_clutter_learning_time.pdf>] [41] [42

]
Chapter 6.
(./main.bbl [43

] [44

]
Underfull \hbox (badness 10000) in paragraph at lines 23--28
[]\T1/lmr/m/n/10.95 (+20) Jaroslaw Dra-pala.  Ker-nel den-sity es-ti-ma-tor ex-plained
 []


Underfull \hbox (badness 10000) in paragraph at lines 23--28
\T1/lmr/m/n/10.95 (+20) step by step.  2023.  []$\T1/lmtt/m/n/10.95 https : / / towardsdatascience . com /
 []


Overfull \hbox (15.06252pt too wide) in paragraph at lines 23--28
\T1/lmtt/m/n/10.95 kernel-[]density-[]estimation-[]explained-[]step-[]by-[]step-[]7cc5b5bc4517$[]\T1/lmr/m/n/10.95 (-20) . 
 []


Underfull \hbox (badness 10000) in paragraph at lines 30--35
[]\T1/lmr/m/n/10.95 (+20) Jaroslaw Dra-pala.  Ker-nel den-sity es-ti-ma-tor for mul-ti-di-
 []


Underfull \hbox (badness 6396) in paragraph at lines 30--35
\T1/lmr/m/n/10.95 (+20) men-sional data.  2023.  []$\T1/lmtt/m/n/10.95 https : / / towardsdatascience . com /
 []


Overfull \hbox (26.05998pt too wide) in paragraph at lines 30--35
\T1/lmtt/m/n/10.95 kernel-[]density-[]estimator-[]for-[]multidimensional-[]data-[]3e78c9779ed8$[]\T1/lmr/m/n/10.95 (-20) . 
 []

[45]) [46]
Appendix A.
[47

] (./main.aux)
Package rerunfilecheck Info: File `main.out' has not changed.
(rerunfilecheck)             Checksum: 40CBD8C7C2FD73DC2B5598A5691B123C;5960.
 ) 
Here is how much of TeX's memory you used:
 20117 strings out of 478287
 343550 string characters out of 5849289
 695350 words of memory out of 5000000
 37262 multiletter control sequences out of 15000+600000
 639867 words of font info for 289 fonts, out of 8000000 for 9000
 1141 hyphenation exceptions out of 8191
 68i,20n,78p,1046b,989s stack positions out of 5000i,500n,10000p,200000b,80000s
{/usr/share/texmf/fonts/enc/dvips/lm/lm-ec.enc}{/usr/share/texmf/fonts/enc/dvips/lm/lm-rm.enc}{/usr/share/texmf/fonts/enc/dvips/lm/lm-mathsy.enc}{/usr/share/texmf/fonts/enc/dvips/lm/lm-mathit.enc}{/usr/share/texmf/fonts/enc/dvips/lm/lm-mathex.enc}</usr/share/texlive/texmf-dist/fonts/type1/public/amsfonts/cm/cmmi10.pfb></usr/share/texlive/texmf-dist/fonts/type1/public/amsfonts/cm/cmr10.pfb></usr/share/texlive/texmf-dist/fonts/type1/public/amsfonts/cm/cmr7.pfb></usr/share/texlive/texmf-dist/fonts/type1/public/amsfonts/cm/cmr8.pfb></usr/share/texlive/texmf-dist/fonts/type1/public/amsfonts/cm/cmsy10.pfb></usr/share/texmf/fonts/type1/public/lm/lmbx10.pfb></usr/share/texmf/fonts/type1/public/lm/lmbx8.pfb></usr/share/texmf/fonts/type1/public/lm/lmex10.pfb></usr/share/texmf/fonts/type1/public/lm/lmmi10.pfb></usr/share/texmf/fonts/type1/public/lm/lmmi6.pfb></usr/share/texmf/fonts/type1/public/lm/lmmi8.pfb></usr/share/texmf/fonts/type1/public/lm/lmr10.pfb></usr/share/texmf/fonts/type1/public/lm/lmr6.pfb></usr/share/texmf/fonts/type1/public/lm/lmr7.pfb></usr/share/texmf/fonts/type1/public/lm/lmr8.pfb></usr/share/texmf/fonts/type1/public/lm/lmr9.pfb></usr/share/texmf/fonts/type1/public/lm/lmri10.pfb></usr/share/texmf/fonts/type1/public/lm/lmri7.pfb></usr/share/texmf/fonts/type1/public/lm/lmri8.pfb></usr/share/texmf/fonts/type1/public/lm/lmssbx10.pfb></usr/share/texmf/fonts/type1/public/lm/lmsso10.pfb></usr/share/texmf/fonts/type1/public/lm/lmsy10.pfb></usr/share/texmf/fonts/type1/public/lm/lmsy6.pfb></usr/share/texmf/fonts/type1/public/lm/lmsy8.pfb></usr/share/texmf/fonts/type1/public/lm/lmsy9.pfb></usr/share/texmf/fonts/type1/public/lm/lmtt10.pfb></usr/share/texlive/texmf-dist/fonts/type1/public/amsfonts/symbols/msbm10.pfb>
Output written on main.pdf (55 pages, 15526132 bytes).
PDF statistics:
 16989 PDF objects out of 18468 (max. 8388607)
 1577 compressed objects within 16 object streams
 263 named destinations out of 1000 (max. 500000)
 95333 words of extra memory for PDF output out of 106986 (max. 10000000)

