\BOOKMARK [0][-]{chapter.1}{\376\377\000I\000n\000t\000r\000o\000d\000u\000c\000t\000i\000o\000n}{}% 1
\BOOKMARK [1][-]{section.1.1}{\376\377\000M\000a\000c\000h\000i\000n\000e\000\040\000L\000e\000a\000r\000n\000i\000n\000g}{chapter.1}% 2
\BOOKMARK [1][-]{section.1.2}{\376\377\000T\000h\000e\000s\000i\000s\000\040\000s\000t\000r\000u\000c\000t\000u\000r\000e}{chapter.1}% 3
\BOOKMARK [0][-]{chapter.2}{\376\377\000T\000a\000s\000k\000\040\000f\000o\000r\000m\000u\000l\000a\000t\000i\000o\000n}{}% 4
\BOOKMARK [1][-]{section.2.1}{\376\377\000P\000a\000t\000h\000\040\000p\000l\000a\000n\000n\000i\000n\000g\000\040\000p\000r\000o\000b\000l\000e\000m}{chapter.2}% 5
\BOOKMARK [1][-]{section.2.2}{\376\377\000S\000a\000m\000p\000l\000i\000n\000g\000-\000b\000a\000s\000e\000d\000\040\000p\000a\000t\000h\000\040\000p\000l\000a\000n\000n\000i\000n\000g}{chapter.2}% 6
\BOOKMARK [1][-]{section.2.3}{\376\377\000R\000e\000s\000e\000a\000r\000c\000h\000\040\000O\000b\000j\000e\000c\000t\000i\000v\000e\000s}{chapter.2}% 7
\BOOKMARK [1][-]{section.2.4}{\376\377\000C\000o\000m\000p\000o\000n\000e\000n\000t\000s\000\040\000o\000f\000\040\000t\000h\000e\000\040\000P\000a\000t\000h\000\040\000P\000l\000a\000n\000n\000i\000n\000g\000\040\000P\000r\000o\000b\000l\000e\000m}{chapter.2}% 8
\BOOKMARK [1][-]{section.2.5}{\376\377\000T\000h\000e\000\040\000C\000h\000a\000l\000l\000e\000n\000g\000e}{chapter.2}% 9
\BOOKMARK [0][-]{chapter.3}{\376\377\000R\000e\000l\000a\000t\000e\000d\000\040\000w\000o\000r\000k\000s}{}% 10
\BOOKMARK [1][-]{section.3.1}{\376\377\000R\000a\000p\000i\000d\000l\000y\000-\000e\000x\000p\000l\000o\000r\000i\000n\000g\000\040\000R\000a\000n\000d\000o\000m\000\040\000T\000r\000e\000e\000\040\000\050\000R\000R\000T\000\051}{chapter.3}% 11
\BOOKMARK [1][-]{section.3.2}{\376\377\000R\000a\000p\000i\000d\000l\000y\000-\000e\000x\000p\000l\000o\000r\000i\000n\000g\000\040\000R\000a\000n\000d\000o\000m\000\040\000T\000r\000e\000e\000\040\000s\000t\000a\000r\000\040\000\050\000R\000R\000T\000*\000\051}{chapter.3}% 12
\BOOKMARK [1][-]{section.3.3}{\376\377\000P\000r\000o\000b\000a\000b\000i\000l\000i\000s\000t\000i\000c\000\040\000R\000o\000a\000d\000M\000a\000p\000s\000\040\000\050\000P\000R\000M\000\051}{chapter.3}% 13
\BOOKMARK [1][-]{section.3.4}{\376\377\000M\000o\000t\000i\000o\000n\000\040\000P\000l\000a\000n\000n\000i\000n\000g\000\040\000N\000e\000t\000w\000o\000r\000k\000s\000\040\000\050\000M\000P\000N\000e\000t\000\051}{chapter.3}% 14
\BOOKMARK [1][-]{section.3.5}{\376\377\000S\000u\000m\000m\000a\000r\000i\000z\000e}{chapter.3}% 15
\BOOKMARK [0][-]{chapter.4}{\376\377\000I\000m\000p\000r\000o\000v\000i\000n\000g\000\040\000R\000R\000T\000*\000\040\000a\000l\000g\000o\000r\000i\000t\000h\000m\000\040\000u\000s\000i\000n\000g\000\040\000m\000a\000c\000h\000i\000n\000e\000\040\000l\000e\000a\000r\000n\000i\000n\000g\000\040\000m\000e\000t\000h\000o\000d}{}% 16
\BOOKMARK [1][-]{section.4.1}{\376\377\000A\000p\000p\000r\000o\000a\000c\000h}{chapter.4}% 17
\BOOKMARK [1][-]{section.4.2}{\376\377\000L\000e\000a\000r\000n\000i\000n\000g\000\040\000t\000h\000e\000\040\000C\000o\000n\000f\000i\000g\000u\000r\000a\000t\000i\000o\000n\000\040\000S\000p\000a\000c\000e}{chapter.4}% 18
\BOOKMARK [1][-]{section.4.3}{\376\377\000P\000r\000o\000p\000o\000s\000e\000d\000\040\000S\000o\000l\000u\000t\000i\000o\000n}{chapter.4}% 19
\BOOKMARK [1][-]{section.4.4}{\376\377\000I\000n\000t\000e\000g\000r\000a\000t\000i\000o\000n\000\040\000t\000o\000\040\000t\000h\000e\000\040\000R\000R\000T\000*\000\040\000a\000l\000g\000o\000r\000i\000t\000h\000m}{chapter.4}% 20
\BOOKMARK [1][-]{section.4.5}{\376\377\000E\000x\000t\000e\000n\000s\000i\000o\000n\000\040\000o\000f\000\040\000t\000h\000e\000\040\000m\000a\000c\000h\000i\000n\000e\000\040\000l\000e\000a\000r\000n\000i\000n\000g\000\040\000m\000e\000t\000h\000o\000d\000\040\000t\000o\000\040\0003\000D\000\040\000a\000n\000d\000\040\0006\000D\000\040\000C\000-\000s\000p\000a\000c\000e}{chapter.4}% 21
\BOOKMARK [0][-]{chapter.5}{\376\377\000R\000e\000s\000u\000l\000t\000s\000\040\000a\000n\000d\000\040\000d\000i\000s\000c\000u\000s\000s\000i\000o\000n}{}% 22
\BOOKMARK [1][-]{section.5.1}{\376\377\000C\000o\000m\000p\000a\000r\000i\000s\000o\000n\000\040\000w\000i\000t\000h\000\040\000O\000M\000P\000L}{chapter.5}% 23
\BOOKMARK [0][-]{chapter.6}{\376\377\000C\000o\000n\000c\000l\000u\000s\000i\000o\000n}{}% 24
\BOOKMARK [0][-]{chapter*.5}{\376\377\000B\000i\000b\000l\000i\000o\000g\000r\000a\000p\000h\000y}{}% 25
\BOOKMARK [0][-]{appendix.A}{\376\377\000L\000i\000s\000t\000\040\000o\000f\000\040\000N\000o\000t\000a\000t\000i\000o\000n}{}% 26
