This is pdfTeX, Version 3.141592653-2.6-1.40.22 (TeX Live 2022/dev/Debian) (preloaded format=pdflatex 2024.4.14)  6 JUN 2024 19:10
entering extended mode
 restricted \write18 enabled.
 file:line:error style messages enabled.
 %&-line parsing enabled.
**/home/tsoyarty/Desktop/Bc_work/Documentation/presentation.tex
(/home/tsoyarty/Desktop/Bc_work/Documentation/presentation.tex
LaTeX2e <2021-11-15> patch level 1
L3 programming layer <2022-01-21> (/usr/share/texlive/texmf-dist/tex/latex/beamer/beamer.cls
Document Class: beamer 2022/01/21 v3.65 A class for typesetting presentations
(/usr/share/texlive/texmf-dist/tex/latex/beamer/beamerbasemodes.sty (/usr/share/texlive/texmf-dist/tex/latex/etoolbox/etoolbox.sty
Package: etoolbox 2020/10/05 v2.5k e-TeX tools for LaTeX (JAW)
\etb@tempcnta=\count185
)
\beamer@tempbox=\box50
\beamer@tempcount=\count186
\c@beamerpauses=\count187
 (/usr/share/texlive/texmf-dist/tex/latex/beamer/beamerbasedecode.sty
\beamer@slideinframe=\count188
\beamer@minimum=\count189
\beamer@decode@box=\box51
)
\beamer@commentbox=\box52
\beamer@modecount=\count190
) (/usr/share/texlive/texmf-dist/tex/generic/iftex/ifpdf.sty
Package: ifpdf 2019/10/25 v3.4 ifpdf legacy package. Use iftex instead.
 (/usr/share/texlive/texmf-dist/tex/generic/iftex/iftex.sty
Package: iftex 2020/03/06 v1.0d TeX engine tests
))
\headdp=\dimen138
\footheight=\dimen139
\sidebarheight=\dimen140
\beamer@tempdim=\dimen141
\beamer@finalheight=\dimen142
\beamer@animht=\dimen143
\beamer@animdp=\dimen144
\beamer@animwd=\dimen145
\beamer@leftmargin=\dimen146
\beamer@rightmargin=\dimen147
\beamer@leftsidebar=\dimen148
\beamer@rightsidebar=\dimen149
\beamer@boxsize=\dimen150
\beamer@vboxoffset=\dimen151
\beamer@descdefault=\dimen152
\beamer@descriptionwidth=\dimen153
\beamer@lastskip=\skip47
\beamer@areabox=\box53
\beamer@animcurrent=\box54
\beamer@animshowbox=\box55
\beamer@sectionbox=\box56
\beamer@logobox=\box57
\beamer@linebox=\box58
\beamer@sectioncount=\count191
\beamer@subsubsectionmax=\count192
\beamer@subsectionmax=\count193
\beamer@sectionmax=\count194
\beamer@totalheads=\count195
\beamer@headcounter=\count196
\beamer@partstartpage=\count197
\beamer@sectionstartpage=\count198
\beamer@subsectionstartpage=\count199
\beamer@animationtempa=\count266
\beamer@animationtempb=\count267
\beamer@xpos=\count268
\beamer@ypos=\count269
\beamer@ypos@offset=\count270
\beamer@showpartnumber=\count271
\beamer@currentsubsection=\count272
\beamer@coveringdepth=\count273
\beamer@sectionadjust=\count274
\beamer@toclastsection=\count275
\beamer@tocsectionnumber=\count276
 (/usr/share/texlive/texmf-dist/tex/latex/beamer/beamerbaseoptions.sty (/usr/share/texlive/texmf-dist/tex/latex/graphics/keyval.sty
Package: keyval 2014/10/28 v1.15 key=value parser (DPC)
\KV@toks@=\toks16
))
\beamer@paperwidth=\skip48
\beamer@paperheight=\skip49
 (/usr/share/texlive/texmf-dist/tex/latex/geometry/geometry.sty
Package: geometry 2020/01/02 v5.9 Page Geometry
 (/usr/share/texlive/texmf-dist/tex/generic/iftex/ifvtex.sty
Package: ifvtex 2019/10/25 v1.7 ifvtex legacy package. Use iftex instead.
)
\Gm@cnth=\count277
\Gm@cntv=\count278
\c@Gm@tempcnt=\count279
\Gm@bindingoffset=\dimen154
\Gm@wd@mp=\dimen155
\Gm@odd@mp=\dimen156
\Gm@even@mp=\dimen157
\Gm@layoutwidth=\dimen158
\Gm@layoutheight=\dimen159
\Gm@layouthoffset=\dimen160
\Gm@layoutvoffset=\dimen161
\Gm@dimlist=\toks17
) (/usr/share/texlive/texmf-dist/tex/latex/pgf/basiclayer/pgfcore.sty (/usr/share/texlive/texmf-dist/tex/latex/graphics/graphicx.sty
Package: graphicx 2021/09/16 v1.2d Enhanced LaTeX Graphics (DPC,SPQR)
 (/usr/share/texlive/texmf-dist/tex/latex/graphics/graphics.sty
Package: graphics 2021/03/04 v1.4d Standard LaTeX Graphics (DPC,SPQR)
 (/usr/share/texlive/texmf-dist/tex/latex/graphics/trig.sty
Package: trig 2021/08/11 v1.11 sin cos tan (DPC)
) (/usr/share/texlive/texmf-dist/tex/latex/graphics-cfg/graphics.cfg
File: graphics.cfg 2016/06/04 v1.11 sample graphics configuration
)
Package graphics Info: Driver file: pdftex.def on input line 107.
 (/usr/share/texlive/texmf-dist/tex/latex/graphics-def/pdftex.def
File: pdftex.def 2020/10/05 v1.2a Graphics/color driver for pdftex
))
\Gin@req@height=\dimen162
\Gin@req@width=\dimen163
) (/usr/share/texlive/texmf-dist/tex/latex/pgf/systemlayer/pgfsys.sty (/usr/share/texlive/texmf-dist/tex/latex/pgf/utilities/pgfrcs.sty (/usr/share/texlive/texmf-dist/tex/generic/pgf/utilities/pgfutil-common.tex
\pgfutil@everybye=\toks18
\pgfutil@tempdima=\dimen164
\pgfutil@tempdimb=\dimen165
 (/usr/share/texlive/texmf-dist/tex/generic/pgf/utilities/pgfutil-common-lists.tex)) (/usr/share/texlive/texmf-dist/tex/generic/pgf/utilities/pgfutil-latex.def
\pgfutil@abb=\box59
) (/usr/share/texlive/texmf-dist/tex/generic/pgf/utilities/pgfrcs.code.tex (/usr/share/texlive/texmf-dist/tex/generic/pgf/pgf.revision.tex)
Package: pgfrcs 2021/05/15 v3.1.9a (3.1.9a)
)) (/usr/share/texlive/texmf-dist/tex/generic/pgf/systemlayer/pgfsys.code.tex
Package: pgfsys 2021/05/15 v3.1.9a (3.1.9a)
 (/usr/share/texlive/texmf-dist/tex/generic/pgf/utilities/pgfkeys.code.tex
\pgfkeys@pathtoks=\toks19
\pgfkeys@temptoks=\toks20
 (/usr/share/texlive/texmf-dist/tex/generic/pgf/utilities/pgfkeysfiltered.code.tex
\pgfkeys@tmptoks=\toks21
))
\pgf@x=\dimen166
\pgf@y=\dimen167
\pgf@xa=\dimen168
\pgf@ya=\dimen169
\pgf@xb=\dimen170
\pgf@yb=\dimen171
\pgf@xc=\dimen172
\pgf@yc=\dimen173
\pgf@xd=\dimen174
\pgf@yd=\dimen175
\w@pgf@writea=\write3
\r@pgf@reada=\read2
\c@pgf@counta=\count280
\c@pgf@countb=\count281
\c@pgf@countc=\count282
\c@pgf@countd=\count283
\t@pgf@toka=\toks22
\t@pgf@tokb=\toks23
\t@pgf@tokc=\toks24
\pgf@sys@id@count=\count284
 (/usr/share/texlive/texmf-dist/tex/generic/pgf/systemlayer/pgf.cfg
File: pgf.cfg 2021/05/15 v3.1.9a (3.1.9a)
)
Driver file for pgf: pgfsys-pdftex.def
 (/usr/share/texlive/texmf-dist/tex/generic/pgf/systemlayer/pgfsys-pdftex.def
File: pgfsys-pdftex.def 2021/05/15 v3.1.9a (3.1.9a)
 (/usr/share/texlive/texmf-dist/tex/generic/pgf/systemlayer/pgfsys-common-pdf.def
File: pgfsys-common-pdf.def 2021/05/15 v3.1.9a (3.1.9a)
))) (/usr/share/texlive/texmf-dist/tex/generic/pgf/systemlayer/pgfsyssoftpath.code.tex
File: pgfsyssoftpath.code.tex 2021/05/15 v3.1.9a (3.1.9a)
\pgfsyssoftpath@smallbuffer@items=\count285
\pgfsyssoftpath@bigbuffer@items=\count286
) (/usr/share/texlive/texmf-dist/tex/generic/pgf/systemlayer/pgfsysprotocol.code.tex
File: pgfsysprotocol.code.tex 2021/05/15 v3.1.9a (3.1.9a)
)) (/usr/share/texlive/texmf-dist/tex/latex/xcolor/xcolor.sty
Package: xcolor 2021/10/31 v2.13 LaTeX color extensions (UK)
 (/usr/share/texlive/texmf-dist/tex/latex/graphics-cfg/color.cfg
File: color.cfg 2016/01/02 v1.6 sample color configuration
)
Package xcolor Info: Driver file: pdftex.def on input line 227.
Package xcolor Info: Model `cmy' substituted by `cmy0' on input line 1352.
Package xcolor Info: Model `hsb' substituted by `rgb' on input line 1356.
Package xcolor Info: Model `RGB' extended on input line 1368.
Package xcolor Info: Model `HTML' substituted by `rgb' on input line 1370.
Package xcolor Info: Model `Hsb' substituted by `hsb' on input line 1371.
Package xcolor Info: Model `tHsb' substituted by `hsb' on input line 1372.
Package xcolor Info: Model `HSB' substituted by `hsb' on input line 1373.
Package xcolor Info: Model `Gray' substituted by `gray' on input line 1374.
Package xcolor Info: Model `wave' substituted by `hsb' on input line 1375.
) (/usr/share/texlive/texmf-dist/tex/generic/pgf/basiclayer/pgfcore.code.tex
Package: pgfcore 2021/05/15 v3.1.9a (3.1.9a)
 (/usr/share/texlive/texmf-dist/tex/generic/pgf/math/pgfmath.code.tex (/usr/share/texlive/texmf-dist/tex/generic/pgf/math/pgfmathcalc.code.tex (/usr/share/texlive/texmf-dist/tex/generic/pgf/math/pgfmathutil.code.tex) (/usr/share/texlive/texmf-dist/tex/generic/pgf/math/pgfmathparser.code.tex
\pgfmath@dimen=\dimen176
\pgfmath@count=\count287
\pgfmath@box=\box60
\pgfmath@toks=\toks25
\pgfmath@stack@operand=\toks26
\pgfmath@stack@operation=\toks27
) (/usr/share/texlive/texmf-dist/tex/generic/pgf/math/pgfmathfunctions.code.tex (/usr/share/texlive/texmf-dist/tex/generic/pgf/math/pgfmathfunctions.basic.code.tex) (/usr/share/texlive/texmf-dist/tex/generic/pgf/math/pgfmathfunctions.trigonometric.code.tex) (/usr/share/texlive/texmf-dist/tex/generic/pgf/math/pgfmathfunctions.random.code.tex) (/usr/share/texlive/texmf-dist/tex/generic/pgf/math/pgfmathfunctions.comparison.code.tex) (/usr/share/texlive/texmf-dist/tex/generic/pgf/math/pgfmathfunctions.base.code.tex) (/usr/share/texlive/texmf-dist/tex/generic/pgf/math/pgfmathfunctions.round.code.tex) (/usr/share/texlive/texmf-dist/tex/generic/pgf/math/pgfmathfunctions.misc.code.tex) (/usr/share/texlive/texmf-dist/tex/generic/pgf/math/pgfmathfunctions.integerarithmetics.code.tex))) (/usr/share/texlive/texmf-dist/tex/generic/pgf/math/pgfmathfloat.code.tex
\c@pgfmathroundto@lastzeros=\count288
)) (/usr/share/texlive/texmf-dist/tex/generic/pgf/math/pgfint.code.tex) (/usr/share/texlive/texmf-dist/tex/generic/pgf/basiclayer/pgfcorepoints.code.tex
File: pgfcorepoints.code.tex 2021/05/15 v3.1.9a (3.1.9a)
\pgf@picminx=\dimen177
\pgf@picmaxx=\dimen178
\pgf@picminy=\dimen179
\pgf@picmaxy=\dimen180
\pgf@pathminx=\dimen181
\pgf@pathmaxx=\dimen182
\pgf@pathminy=\dimen183
\pgf@pathmaxy=\dimen184
\pgf@xx=\dimen185
\pgf@xy=\dimen186
\pgf@yx=\dimen187
\pgf@yy=\dimen188
\pgf@zx=\dimen189
\pgf@zy=\dimen190
) (/usr/share/texlive/texmf-dist/tex/generic/pgf/basiclayer/pgfcorepathconstruct.code.tex
File: pgfcorepathconstruct.code.tex 2021/05/15 v3.1.9a (3.1.9a)
\pgf@path@lastx=\dimen191
\pgf@path@lasty=\dimen192
) (/usr/share/texlive/texmf-dist/tex/generic/pgf/basiclayer/pgfcorepathusage.code.tex
File: pgfcorepathusage.code.tex 2021/05/15 v3.1.9a (3.1.9a)
\pgf@shorten@end@additional=\dimen193
\pgf@shorten@start@additional=\dimen194
) (/usr/share/texlive/texmf-dist/tex/generic/pgf/basiclayer/pgfcorescopes.code.tex
File: pgfcorescopes.code.tex 2021/05/15 v3.1.9a (3.1.9a)
\pgfpic=\box61
\pgf@hbox=\box62
\pgf@layerbox@main=\box63
\pgf@picture@serial@count=\count289
) (/usr/share/texlive/texmf-dist/tex/generic/pgf/basiclayer/pgfcoregraphicstate.code.tex
File: pgfcoregraphicstate.code.tex 2021/05/15 v3.1.9a (3.1.9a)
\pgflinewidth=\dimen195
) (/usr/share/texlive/texmf-dist/tex/generic/pgf/basiclayer/pgfcoretransformations.code.tex
File: pgfcoretransformations.code.tex 2021/05/15 v3.1.9a (3.1.9a)
\pgf@pt@x=\dimen196
\pgf@pt@y=\dimen197
\pgf@pt@temp=\dimen198
) (/usr/share/texlive/texmf-dist/tex/generic/pgf/basiclayer/pgfcorequick.code.tex
File: pgfcorequick.code.tex 2021/05/15 v3.1.9a (3.1.9a)
) (/usr/share/texlive/texmf-dist/tex/generic/pgf/basiclayer/pgfcoreobjects.code.tex
File: pgfcoreobjects.code.tex 2021/05/15 v3.1.9a (3.1.9a)
) (/usr/share/texlive/texmf-dist/tex/generic/pgf/basiclayer/pgfcorepathprocessing.code.tex
File: pgfcorepathprocessing.code.tex 2021/05/15 v3.1.9a (3.1.9a)
) (/usr/share/texlive/texmf-dist/tex/generic/pgf/basiclayer/pgfcorearrows.code.tex
File: pgfcorearrows.code.tex 2021/05/15 v3.1.9a (3.1.9a)
\pgfarrowsep=\dimen199
) (/usr/share/texlive/texmf-dist/tex/generic/pgf/basiclayer/pgfcoreshade.code.tex
File: pgfcoreshade.code.tex 2021/05/15 v3.1.9a (3.1.9a)
\pgf@max=\dimen256
\pgf@sys@shading@range@num=\count290
\pgf@shadingcount=\count291
) (/usr/share/texlive/texmf-dist/tex/generic/pgf/basiclayer/pgfcoreimage.code.tex
File: pgfcoreimage.code.tex 2021/05/15 v3.1.9a (3.1.9a)
 (/usr/share/texlive/texmf-dist/tex/generic/pgf/basiclayer/pgfcoreexternal.code.tex
File: pgfcoreexternal.code.tex 2021/05/15 v3.1.9a (3.1.9a)
\pgfexternal@startupbox=\box64
)) (/usr/share/texlive/texmf-dist/tex/generic/pgf/basiclayer/pgfcorelayers.code.tex
File: pgfcorelayers.code.tex 2021/05/15 v3.1.9a (3.1.9a)
) (/usr/share/texlive/texmf-dist/tex/generic/pgf/basiclayer/pgfcoretransparency.code.tex
File: pgfcoretransparency.code.tex 2021/05/15 v3.1.9a (3.1.9a)
) (/usr/share/texlive/texmf-dist/tex/generic/pgf/basiclayer/pgfcorepatterns.code.tex
File: pgfcorepatterns.code.tex 2021/05/15 v3.1.9a (3.1.9a)
) (/usr/share/texlive/texmf-dist/tex/generic/pgf/basiclayer/pgfcorerdf.code.tex
File: pgfcorerdf.code.tex 2021/05/15 v3.1.9a (3.1.9a)
))) (/usr/share/texlive/texmf-dist/tex/latex/base/size11.clo
File: size11.clo 2021/10/04 v1.4n Standard LaTeX file (size option)
) (/usr/share/texlive/texmf-dist/tex/latex/pgf/utilities/xxcolor.sty
Package: xxcolor 2003/10/24 ver 0.1
\XC@nummixins=\count292
\XC@countmixins=\count293
) (/usr/share/texlive/texmf-dist/tex/latex/base/atbegshi-ltx.sty
Package: atbegshi-ltx 2021/01/10 v1.0c Emulation of the original atbegshi
package with kernel methods
) (/usr/share/texlive/texmf-dist/tex/latex/hyperref/hyperref.sty
Package: hyperref 2021-06-07 v7.00m Hypertext links for LaTeX
 (/usr/share/texlive/texmf-dist/tex/generic/ltxcmds/ltxcmds.sty
Package: ltxcmds 2020-05-10 v1.25 LaTeX kernel commands for general use (HO)
) (/usr/share/texlive/texmf-dist/tex/generic/pdftexcmds/pdftexcmds.sty
Package: pdftexcmds 2020-06-27 v0.33 Utility functions of pdfTeX for LuaTeX (HO)
 (/usr/share/texlive/texmf-dist/tex/generic/infwarerr/infwarerr.sty
Package: infwarerr 2019/12/03 v1.5 Providing info/warning/error messages (HO)
)
Package pdftexcmds Info: \pdf@primitive is available.
Package pdftexcmds Info: \pdf@ifprimitive is available.
Package pdftexcmds Info: \pdfdraftmode found.
) (/usr/share/texlive/texmf-dist/tex/generic/kvsetkeys/kvsetkeys.sty
Package: kvsetkeys 2019/12/15 v1.18 Key value parser (HO)
) (/usr/share/texlive/texmf-dist/tex/generic/kvdefinekeys/kvdefinekeys.sty
Package: kvdefinekeys 2019-12-19 v1.6 Define keys (HO)
) (/usr/share/texlive/texmf-dist/tex/generic/pdfescape/pdfescape.sty
Package: pdfescape 2019/12/09 v1.15 Implements pdfTeX's escape features (HO)
) (/usr/share/texlive/texmf-dist/tex/latex/hycolor/hycolor.sty
Package: hycolor 2020-01-27 v1.10 Color options for hyperref/bookmark (HO)
) (/usr/share/texlive/texmf-dist/tex/latex/letltxmacro/letltxmacro.sty
Package: letltxmacro 2019/12/03 v1.6 Let assignment for LaTeX macros (HO)
) (/usr/share/texlive/texmf-dist/tex/latex/auxhook/auxhook.sty
Package: auxhook 2019-12-17 v1.6 Hooks for auxiliary files (HO)
) (/usr/share/texlive/texmf-dist/tex/latex/kvoptions/kvoptions.sty
Package: kvoptions 2020-10-07 v3.14 Key value format for package options (HO)
)
\@linkdim=\dimen257
\Hy@linkcounter=\count294
\Hy@pagecounter=\count295
 (/usr/share/texlive/texmf-dist/tex/latex/hyperref/pd1enc.def
File: pd1enc.def 2021-06-07 v7.00m Hyperref: PDFDocEncoding definition (HO)
Now handling font encoding PD1 ...
... no UTF-8 mapping file for font encoding PD1
) (/usr/share/texlive/texmf-dist/tex/latex/hyperref/hyperref-langpatches.def
File: hyperref-langpatches.def 2021-06-07 v7.00m Hyperref: patches for babel languages
) (/usr/share/texlive/texmf-dist/tex/generic/intcalc/intcalc.sty
Package: intcalc 2019/12/15 v1.3 Expandable calculations with integers (HO)
) (/usr/share/texlive/texmf-dist/tex/generic/etexcmds/etexcmds.sty
Package: etexcmds 2019/12/15 v1.7 Avoid name clashes with e-TeX commands (HO)
)
\Hy@SavedSpaceFactor=\count296
 (/usr/share/texlive/texmf-dist/tex/latex/hyperref/puenc.def
File: puenc.def 2021-06-07 v7.00m Hyperref: PDF Unicode definition (HO)
Now handling font encoding PU ...
... no UTF-8 mapping file for font encoding PU
)
Package hyperref Info: Option `bookmarks' set `true' on input line 4073.
Package hyperref Info: Option `bookmarksopen' set `true' on input line 4073.
Package hyperref Info: Option `implicit' set `false' on input line 4073.
Package hyperref Info: Hyper figures OFF on input line 4192.
Package hyperref Info: Link nesting OFF on input line 4197.
Package hyperref Info: Hyper index ON on input line 4200.
Package hyperref Info: Plain pages OFF on input line 4207.
Package hyperref Info: Backreferencing OFF on input line 4212.
Package hyperref Info: Implicit mode OFF; no redefinition of LaTeX internals.
Package hyperref Info: Bookmarks ON on input line 4445.
\c@Hy@tempcnt=\count297
 (/usr/share/texlive/texmf-dist/tex/latex/url/url.sty
\Urlmuskip=\muskip16
Package: url 2013/09/16  ver 3.4  Verb mode for urls, etc.
)
LaTeX Info: Redefining \url on input line 4804.
\XeTeXLinkMargin=\dimen258
 (/usr/share/texlive/texmf-dist/tex/generic/bitset/bitset.sty
Package: bitset 2019/12/09 v1.3 Handle bit-vector datatype (HO)
 (/usr/share/texlive/texmf-dist/tex/generic/bigintcalc/bigintcalc.sty
Package: bigintcalc 2019/12/15 v1.5 Expandable calculations on big integers (HO)
))
\Fld@menulength=\count298
\Field@Width=\dimen259
\Fld@charsize=\dimen260
Package hyperref Info: Hyper figures OFF on input line 6076.
Package hyperref Info: Link nesting OFF on input line 6081.
Package hyperref Info: Hyper index ON on input line 6084.
Package hyperref Info: backreferencing OFF on input line 6091.
Package hyperref Info: Link coloring OFF on input line 6096.
Package hyperref Info: Link coloring with OCG OFF on input line 6101.
Package hyperref Info: PDF/A mode OFF on input line 6106.
LaTeX Info: Redefining \ref on input line 6146.
LaTeX Info: Redefining \pageref on input line 6150.
\Hy@abspage=\count299


Package hyperref Message: Stopped early.

)
Package hyperref Info: Driver (autodetected): hpdftex.
 (/usr/share/texlive/texmf-dist/tex/latex/hyperref/hpdftex.def
File: hpdftex.def 2021-06-07 v7.00m Hyperref driver for pdfTeX
 (/usr/share/texlive/texmf-dist/tex/latex/base/atveryend-ltx.sty
Package: atveryend-ltx 2020/08/19 v1.0a Emulation of the original atveryend package
with kernel methods
)
\Fld@listcount=\count300
\c@bookmark@seq@number=\count301
 (/usr/share/texlive/texmf-dist/tex/latex/rerunfilecheck/rerunfilecheck.sty
Package: rerunfilecheck 2019/12/05 v1.9 Rerun checks for auxiliary files (HO)
 (/usr/share/texlive/texmf-dist/tex/generic/uniquecounter/uniquecounter.sty
Package: uniquecounter 2019/12/15 v1.4 Provide unlimited unique counter (HO)
)
Package uniquecounter Info: New unique counter `rerunfilecheck' on input line 286.
)) (/usr/share/texlive/texmf-dist/tex/latex/beamer/beamerbaserequires.sty (/usr/share/texlive/texmf-dist/tex/latex/beamer/beamerbasecompatibility.sty) (/usr/share/texlive/texmf-dist/tex/latex/beamer/beamerbasefont.sty (/usr/share/texlive/texmf-dist/tex/latex/amsfonts/amssymb.sty
Package: amssymb 2013/01/14 v3.01 AMS font symbols
 (/usr/share/texlive/texmf-dist/tex/latex/amsfonts/amsfonts.sty
Package: amsfonts 2013/01/14 v3.01 Basic AMSFonts support
\@emptytoks=\toks28
\symAMSa=\mathgroup4
\symAMSb=\mathgroup5
LaTeX Font Info:    Redeclaring math symbol \hbar on input line 98.
LaTeX Font Info:    Overwriting math alphabet `\mathfrak' in version `bold'
(Font)                  U/euf/m/n --> U/euf/b/n on input line 106.
)) (/usr/share/texlive/texmf-dist/tex/latex/sansmathaccent/sansmathaccent.sty
Package: sansmathaccent 2020/01/31
 (/usr/share/texlive/texmf-dist/tex/latex/koma-script/scrlfile.sty
Package: scrlfile 2021/11/13 v3.35 KOMA-Script package (file load hooks)
 (/usr/share/texlive/texmf-dist/tex/latex/koma-script/scrlfile-hook.sty
Package: scrlfile-hook 2021/11/13 v3.35 KOMA-Script package (using LaTeX hooks)
 (/usr/share/texlive/texmf-dist/tex/latex/koma-script/scrlogo.sty
Package: scrlogo 2021/11/13 v3.35 KOMA-Script package (logo)
))))) (/usr/share/texlive/texmf-dist/tex/latex/beamer/beamerbasetranslator.sty (/usr/share/texlive/texmf-dist/tex/latex/translator/translator.sty
Package: translator 2021-05-31 v1.12d Easy translation of strings in LaTeX
)) (/usr/share/texlive/texmf-dist/tex/latex/beamer/beamerbasemisc.sty) (/usr/share/texlive/texmf-dist/tex/latex/beamer/beamerbasetwoscreens.sty) (/usr/share/texlive/texmf-dist/tex/latex/beamer/beamerbaseoverlay.sty
\beamer@argscount=\count302
\beamer@lastskipcover=\skip50
\beamer@trivlistdepth=\count303
) (/usr/share/texlive/texmf-dist/tex/latex/beamer/beamerbasetitle.sty) (/usr/share/texlive/texmf-dist/tex/latex/beamer/beamerbasesection.sty
\c@lecture=\count304
\c@part=\count305
\c@section=\count306
\c@subsection=\count307
\c@subsubsection=\count308
) (/usr/share/texlive/texmf-dist/tex/latex/beamer/beamerbaseframe.sty
\beamer@framebox=\box65
\beamer@frametitlebox=\box66
\beamer@zoombox=\box67
\beamer@zoomcount=\count309
\beamer@zoomframecount=\count310
\beamer@frametextheight=\dimen261
\c@subsectionslide=\count311
\beamer@frametopskip=\skip51
\beamer@framebottomskip=\skip52
\beamer@frametopskipautobreak=\skip53
\beamer@framebottomskipautobreak=\skip54
\beamer@envbody=\toks29
\framewidth=\dimen262
\c@framenumber=\count312
) (/usr/share/texlive/texmf-dist/tex/latex/beamer/beamerbaseverbatim.sty
\beamer@verbatimfileout=\write4
) (/usr/share/texlive/texmf-dist/tex/latex/beamer/beamerbaseframesize.sty
\beamer@splitbox=\box68
\beamer@autobreakcount=\count313
\beamer@autobreaklastheight=\dimen263
\beamer@frametitletoks=\toks30
\beamer@framesubtitletoks=\toks31
) (/usr/share/texlive/texmf-dist/tex/latex/beamer/beamerbaseframecomponents.sty
\beamer@footins=\box69
) (/usr/share/texlive/texmf-dist/tex/latex/beamer/beamerbasecolor.sty) (/usr/share/texlive/texmf-dist/tex/latex/beamer/beamerbasenotes.sty
\beamer@frameboxcopy=\box70
) (/usr/share/texlive/texmf-dist/tex/latex/beamer/beamerbasetoc.sty) (/usr/share/texlive/texmf-dist/tex/latex/beamer/beamerbasetemplates.sty
\beamer@sbttoks=\toks32
 (/usr/share/texlive/texmf-dist/tex/latex/beamer/beamerbaseauxtemplates.sty (/usr/share/texlive/texmf-dist/tex/latex/beamer/beamerbaseboxes.sty
\bmb@box=\box71
\bmb@colorbox=\box72
\bmb@boxwidth=\dimen264
\bmb@boxheight=\dimen265
\bmb@prevheight=\dimen266
\bmb@temp=\dimen267
\bmb@dima=\dimen268
\bmb@dimb=\dimen269
\bmb@prevheight=\dimen270
)
\beamer@blockheadheight=\dimen271
)) (/usr/share/texlive/texmf-dist/tex/latex/beamer/beamerbaselocalstructure.sty (/usr/share/texlive/texmf-dist/tex/latex/tools/enumerate.sty
Package: enumerate 2015/07/23 v3.00 enumerate extensions (DPC)
\@enLab=\toks33
)
\beamer@bibiconwidth=\skip55
\c@figure=\count314
\c@table=\count315
\abovecaptionskip=\skip56
\belowcaptionskip=\skip57
) (/usr/share/texlive/texmf-dist/tex/latex/beamer/beamerbasenavigation.sty
\beamer@section@min@dim=\dimen272
) (/usr/share/texlive/texmf-dist/tex/latex/beamer/beamerbasetheorems.sty (/usr/share/texlive/texmf-dist/tex/latex/amsmath/amsmath.sty
Package: amsmath 2021/10/15 v2.17l AMS math features
\@mathmargin=\skip58

For additional information on amsmath, use the `?' option.
(/usr/share/texlive/texmf-dist/tex/latex/amsmath/amstext.sty
Package: amstext 2021/08/26 v2.01 AMS text
 (/usr/share/texlive/texmf-dist/tex/latex/amsmath/amsgen.sty
File: amsgen.sty 1999/11/30 v2.0 generic functions
\@emptytoks=\toks34
\ex@=\dimen273
)) (/usr/share/texlive/texmf-dist/tex/latex/amsmath/amsbsy.sty
Package: amsbsy 1999/11/29 v1.2d Bold Symbols
\pmbraise@=\dimen274
) (/usr/share/texlive/texmf-dist/tex/latex/amsmath/amsopn.sty
Package: amsopn 2021/08/26 v2.02 operator names
)
\inf@bad=\count316
LaTeX Info: Redefining \frac on input line 234.
\uproot@=\count317
\leftroot@=\count318
LaTeX Info: Redefining \overline on input line 399.
\classnum@=\count319
\DOTSCASE@=\count320
LaTeX Info: Redefining \ldots on input line 496.
LaTeX Info: Redefining \dots on input line 499.
LaTeX Info: Redefining \cdots on input line 620.
\Mathstrutbox@=\box73
\strutbox@=\box74
\big@size=\dimen275
LaTeX Font Info:    Redeclaring font encoding OML on input line 743.
LaTeX Font Info:    Redeclaring font encoding OMS on input line 744.
\macc@depth=\count321
\c@MaxMatrixCols=\count322
\dotsspace@=\muskip17
\c@parentequation=\count323
\dspbrk@lvl=\count324
\tag@help=\toks35
\row@=\count325
\column@=\count326
\maxfields@=\count327
\andhelp@=\toks36
\eqnshift@=\dimen276
\alignsep@=\dimen277
\tagshift@=\dimen278
\tagwidth@=\dimen279
\totwidth@=\dimen280
\lineht@=\dimen281
\@envbody=\toks37
\multlinegap=\skip59
\multlinetaggap=\skip60
\mathdisplay@stack=\toks38
LaTeX Info: Redefining \[ on input line 2938.
LaTeX Info: Redefining \] on input line 2939.
) (/usr/share/texlive/texmf-dist/tex/latex/amscls/amsthm.sty
Package: amsthm 2020/05/29 v2.20.6
\thm@style=\toks39
\thm@bodyfont=\toks40
\thm@headfont=\toks41
\thm@notefont=\toks42
\thm@headpunct=\toks43
\thm@preskip=\skip61
\thm@postskip=\skip62
\thm@headsep=\skip63
\dth@everypar=\toks44
)
\c@theorem=\count328
) (/usr/share/texlive/texmf-dist/tex/latex/beamer/beamerbasethemes.sty)) (/usr/share/texlive/texmf-dist/tex/latex/beamer/beamerthemedefault.sty (/usr/share/texlive/texmf-dist/tex/latex/beamer/beamerfontthemedefault.sty) (/usr/share/texlive/texmf-dist/tex/latex/beamer/beamercolorthemedefault.sty) (/usr/share/texlive/texmf-dist/tex/latex/beamer/beamerinnerthemedefault.sty
\beamer@dima=\dimen282
\beamer@dimb=\dimen283
) (/usr/share/texlive/texmf-dist/tex/latex/beamer/beamerouterthemedefault.sty))) (/usr/share/texlive/texmf-dist/tex/latex/base/inputenc.sty
Package: inputenc 2021/02/14 v1.3d Input encoding file
\inpenc@prehook=\toks45
\inpenc@posthook=\toks46
) (/usr/share/texlive/texmf-dist/tex/latex/beamer/beamerthemeMadrid.sty (/usr/share/texlive/texmf-dist/tex/latex/beamer/beamercolorthemewhale.sty) (/usr/share/texlive/texmf-dist/tex/latex/beamer/beamercolorthemeorchid.sty) (/usr/share/texlive/texmf-dist/tex/latex/beamer/beamerinnerthemerounded.sty) (/usr/share/texlive/texmf-dist/tex/latex/beamer/beamerouterthemeinfolines.sty)) (/usr/share/texlive/texmf-dist/tex/latex/eqnarray/eqnarray.sty
equationarray 1.3 <December 1, 2010>
Package: eqnarray 
(/usr/share/texlive/texmf-dist/tex/latex/tools/array.sty
Package: array 2021/10/04 v2.5f Tabular extension package (FMi)
\col@sep=\dimen284
\ar@mcellbox=\box75
\extrarowheight=\dimen285
\NC@list=\toks47
\extratabsurround=\skip64
\backup@length=\skip65
\ar@cellbox=\box76
)
\@eqargcnt=\count329
) (/usr/share/texmf/tex/latex/lm/lmodern.sty
Package: lmodern 2009/10/30 v1.6 Latin Modern Fonts
LaTeX Font Info:    Overwriting symbol font `operators' in version `normal'
(Font)                  OT1/cmr/m/n --> OT1/lmr/m/n on input line 22.
LaTeX Font Info:    Overwriting symbol font `letters' in version `normal'
(Font)                  OML/cmm/m/it --> OML/lmm/m/it on input line 23.
LaTeX Font Info:    Overwriting symbol font `symbols' in version `normal'
(Font)                  OMS/cmsy/m/n --> OMS/lmsy/m/n on input line 24.
LaTeX Font Info:    Overwriting symbol font `largesymbols' in version `normal'
(Font)                  OMX/cmex/m/n --> OMX/lmex/m/n on input line 25.
LaTeX Font Info:    Overwriting symbol font `operators' in version `bold'
(Font)                  OT1/cmr/bx/n --> OT1/lmr/bx/n on input line 26.
LaTeX Font Info:    Overwriting symbol font `letters' in version `bold'
(Font)                  OML/cmm/b/it --> OML/lmm/b/it on input line 27.
LaTeX Font Info:    Overwriting symbol font `symbols' in version `bold'
(Font)                  OMS/cmsy/b/n --> OMS/lmsy/b/n on input line 28.
LaTeX Font Info:    Overwriting symbol font `largesymbols' in version `bold'
(Font)                  OMX/cmex/m/n --> OMX/lmex/m/n on input line 29.
LaTeX Font Info:    Overwriting math alphabet `\mathbf' in version `normal'
(Font)                  OT1/cmr/bx/n --> OT1/lmr/bx/n on input line 31.
LaTeX Font Info:    Overwriting math alphabet `\mathsf' in version `normal'
(Font)                  OT1/cmss/m/n --> OT1/lmss/m/n on input line 32.
LaTeX Font Info:    Overwriting math alphabet `\mathit' in version `normal'
(Font)                  OT1/cmr/m/it --> OT1/lmr/m/it on input line 33.
LaTeX Font Info:    Overwriting math alphabet `\mathtt' in version `normal'
(Font)                  OT1/cmtt/m/n --> OT1/lmtt/m/n on input line 34.
LaTeX Font Info:    Overwriting math alphabet `\mathbf' in version `bold'
(Font)                  OT1/cmr/bx/n --> OT1/lmr/bx/n on input line 35.
LaTeX Font Info:    Overwriting math alphabet `\mathsf' in version `bold'
(Font)                  OT1/cmss/bx/n --> OT1/lmss/bx/n on input line 36.
LaTeX Font Info:    Overwriting math alphabet `\mathit' in version `bold'
(Font)                  OT1/cmr/bx/it --> OT1/lmr/bx/it on input line 37.
LaTeX Font Info:    Overwriting math alphabet `\mathtt' in version `bold'
(Font)                  OT1/cmtt/m/n --> OT1/lmtt/m/n on input line 38.
)
\sympureletters=\mathgroup6
LaTeX Font Info:    Overwriting symbol font `pureletters' in version `bold'
(Font)                  OT1/mathkerncmss/m/sl --> OT1/mathkerncmss/bx/sl on input line 45.
 (/usr/share/texlive/texmf-dist/tex/latex/tools/bm.sty
Package: bm 2021/04/25 v1.2e Bold Symbol Support (DPC/FMi)
\symboldoperators=\mathgroup7
\symboldletters=\mathgroup8
\symboldsymbols=\mathgroup9
Package bm Info: No bold for \OMX/lmex/m/n, using \pmb.
Package bm Info: No bold for \U/msa/m/n, using \pmb.
Package bm Info: No bold for \U/msb/m/n, using \pmb.
\symboldpureletters=\mathgroup10
LaTeX Font Info:    Redeclaring math alphabet \mathbf on input line 149.
) (/usr/share/texlive/texmf-dist/tex/latex/epstopdf-pkg/epstopdf.sty
Package: epstopdf 2020-01-24 v2.11 Conversion with epstopdf on the fly (HO)
 (/usr/share/texlive/texmf-dist/tex/latex/grfext/grfext.sty
Package: grfext 2019/12/03 v1.3 Manage graphics extensions (HO)
) (/usr/share/texlive/texmf-dist/tex/latex/epstopdf-pkg/epstopdf-base.sty
Package: epstopdf-base 2020-01-24 v2.11 Base part for package epstopdf
Package epstopdf-base Info: Redefining graphics rule for `.eps' on input line 485.
Package grfext Info: Graphics extension search list:
(grfext)             [.pdf,.png,.jpg,.mps,.jpeg,.jbig2,.jb2,.PDF,.PNG,.JPG,.JPEG,.JBIG2,.JB2,.eps]
(grfext)             \AppendGraphicsExtensions on input line 504.
 (/usr/share/texlive/texmf-dist/tex/latex/latexconfig/epstopdf-sys.cfg
File: epstopdf-sys.cfg 2010/07/13 v1.3 Configuration of (r)epstopdf for TeX Live
))) (/usr/share/texlive/texmf-dist/tex/latex/changepage/changepage.sty
Package: changepage 2009/10/20 v1.0c check page and change page layout
\c@cp@cntr=\count330
\cp@tempcnt=\count331
) (/usr/share/texlive/texmf-dist/tex/latex/booktabs/booktabs.sty
Package: booktabs 2020/01/12 v1.61803398 Publication quality tables
\heavyrulewidth=\dimen286
\lightrulewidth=\dimen287
\cmidrulewidth=\dimen288
\belowrulesep=\dimen289
\belowbottomsep=\dimen290
\aboverulesep=\dimen291
\abovetopsep=\dimen292
\cmidrulesep=\dimen293
\cmidrulekern=\dimen294
\defaultaddspace=\dimen295
\@cmidla=\count332
\@cmidlb=\count333
\@aboverulesep=\dimen296
\@belowrulesep=\dimen297
\@thisruleclass=\count334
\@lastruleclass=\count335
\@thisrulewidth=\dimen298
) (/usr/share/texlive/texmf-dist/tex/latex/caption/subcaption.sty
Package: subcaption 2020/10/07 v1.3j Sub-captions (AR)
 (/usr/share/texlive/texmf-dist/tex/latex/caption/caption.sty
Package: caption 2020/10/26 v3.5g Customizing captions (AR)
 (/usr/share/texlive/texmf-dist/tex/latex/caption/caption3.sty
Package: caption3 2020/10/21 v2.2e caption3 kernel (AR)
\captionmargin=\dimen299
\captionmargin@=\dimen300
\captionwidth=\dimen301
\caption@tempdima=\dimen302
\caption@indent=\dimen303
\caption@parindent=\dimen304
\caption@hangindent=\dimen305
Package caption Info: beamer document class detected.
 (/usr/share/texlive/texmf-dist/tex/latex/caption/caption-beamer.sto
File: caption-beamer.sto 2020/08/22 v2.0 Adaption of the caption package to the beamer document classes (AR)
))
\c@caption@flags=\count336
\c@continuedfloat=\count337
Package caption Info: changepage package is loaded.
\caption@adjustwidth@hsize=\dimen306
\caption@adjustwidth@linewidth=\dimen307
Package caption Info: hyperref package is loaded.
Package caption Info: Hyperref support is turned off
(caption)             because hyperref has stopped early.
)
\c@subfigure=\count338
\c@subtable=\count339
) (/usr/share/texlive/texmf-dist/tex/latex/animate/animate.sty
Package: animate 2022/01/31 PDF & SVG animations from files and inline graphics
 (/usr/share/texlive/texmf-dist/tex/latex/xkeyval/xkeyval.sty
Package: xkeyval 2020/11/20 v2.8 package option processing (HA)
 (/usr/share/texlive/texmf-dist/tex/generic/xkeyval/xkeyval.tex (/usr/share/texlive/texmf-dist/tex/generic/xkeyval/xkvutils.tex
\XKV@toks=\toks48
\XKV@tempa@toks=\toks49
)
\XKV@depth=\count340
File: xkeyval.tex 2014/12/03 v2.7a key=value parser (HA)
)) (/usr/share/texlive/texmf-dist/tex/latex/base/ifthen.sty
Package: ifthen 2020/11/24 v1.1c Standard LaTeX ifthen package (DPC)
) (/usr/share/texlive/texmf-dist/tex/latex/oberdiek/ifdraft.sty
Package: ifdraft 2016/05/16 v1.4 Detect class options draft and final (HO)
) (/usr/share/texlive/texmf-dist/tex/latex/tools/calc.sty
Package: calc 2017/05/25 v4.3 Infix arithmetic (KKT,FJ)
\calc@Acount=\count341
\calc@Bcount=\count342
\calc@Adimen=\dimen308
\calc@Bdimen=\dimen309
\calc@Askip=\skip66
\calc@Bskip=\skip67
LaTeX Info: Redefining \setlength on input line 80.
LaTeX Info: Redefining \addtolength on input line 81.
\calc@Ccount=\count343
\calc@Cskip=\skip68
) (/usr/share/texlive/texmf-dist/tex/latex/zref/zref-abspage.sty
Package: zref-abspage 2020-07-03 v2.32 Module abspage for zref (HO)
 (/usr/share/texlive/texmf-dist/tex/latex/zref/zref-base.sty
Package: zref-base 2020-07-03 v2.32 Module base for zref (HO)
Package zref Info: New property list: main on input line 764.
Package zref Info: New property: default on input line 765.
Package zref Info: New property: page on input line 766.
)
\c@abspage=\count344
Package zref Info: New property: abspage on input line 66.
) (/usr/share/texlive/texmf-dist/tex/latex/media9/pdfbase.sty (/usr/share/texlive/texmf-dist/tex/latex/l3packages/l3keys2e/l3keys2e.sty (/usr/share/texlive/texmf-dist/tex/latex/l3kernel/expl3.sty
Package: expl3 2022-01-21 L3 programming layer (loader) 
 (/usr/share/texlive/texmf-dist/tex/latex/l3backend/l3backend-pdftex.def
File: l3backend-pdftex.def 2022-01-12 L3 backend support: PDF output (pdfTeX)
\l__color_backend_stack_int=\count345
\l__pdf_internal_box=\box77
))
Package: l3keys2e 2022-01-12 LaTeX2e option processing using LaTeX3 keys
)
Package: pdfbase 2021/09/12 v0.53 driver independent access to low-level PDF features
\g_pbs_page_int=\count346
\g_pbs_oc_int=\count347
) (/usr/share/texlive/texmf-dist/tex/latex/ocgx2/ocgbase.sty
Package: ocgbase 2021/06/11 v0.20 support package for ocgx2.sty
\g_ocgbase_nd_int=\count348
)
\@anim@box=\box78
\@anim@measbox=\box79
\@anim@tmpdima=\dimen310
\@anim@tmpdimb=\dimen311
\@anim@num=\count349
\@anim@curframe=\count350
\@anim@curframe@zb=\count351
\@anim@resizeflags=\count352
\@anim@skipfram=\count353
\@anim@mulframecnt=\count354
\@anim@@tmlnfile=\read3
\@anim@tmpcnt=\count355
\c@@anim@ltxcnt=\count356
\@anim@curlayer=\count357
\@anim@lineno=\count358
\@anim@curfield=\count359
\@anim@@resizeflags=\count360
) (/usr/share/texlive/texmf-dist/tex/latex/algorithm2e/algorithm2e.sty
Package: algorithm2e 2017/07/18 v5.2 algorithms environments
\c@AlgoLine=\count361
\algocf@hangindent=\skip69
 (/usr/share/texlive/texmf-dist/tex/latex/ifoddpage/ifoddpage.sty
Package: ifoddpage 2016/04/23 v1.1 Conditionals for odd/even page detection
\c@checkoddpage=\count362
LaTeX Info: Redefining \checkoddpage on input line 45.
) (/usr/share/texlive/texmf-dist/tex/latex/tools/xspace.sty
Package: xspace 2014/10/28 v1.13 Space after command names (DPC,MH)
) (/usr/share/texlive/texmf-dist/tex/latex/relsize/relsize.sty
Package: relsize 2013/03/29 ver 4.1
)
\skiptotal=\skip70
\skiplinenumber=\skip71
\skiprule=\skip72
\skiphlne=\skip73
\skiptext=\skip74
\skiplength=\skip75
\algomargin=\skip76
\skipalgocfslide=\skip77
\algowidth=\dimen312
\inoutsize=\dimen313
\inoutindent=\dimen314
\interspacetitleruled=\dimen315
\interspacealgoruled=\dimen316
\interspacetitleboxruled=\dimen317
\algocf@ruledwidth=\skip78
\algocf@inoutbox=\box80
\algocf@inputbox=\box81
\AlCapSkip=\skip79
\AlCapHSkip=\skip80
\algoskipindent=\skip81
\algocf@nlbox=\box82
\algocf@hangingbox=\box83
\algocf@untilbox=\box84
\algocf@skipuntil=\skip82
\algocf@capbox=\box85
\algocf@lcaptionbox=\skip83
\algoheightruledefault=\skip84
\algoheightrule=\skip85
\algotitleheightruledefault=\skip86
\algotitleheightrule=\skip87
\c@algocfline=\count363
\c@algocfproc=\count364
\c@algocf=\count365
\algocf@algoframe=\box86
\algocf@algobox=\box87
)
LaTeX Font Info:    Trying to load font information for OT1+lmss on input line 77.
 (/usr/share/texmf/tex/latex/lm/ot1lmss.fd
File: ot1lmss.fd 2009/10/30 v1.6 Font defs for Latin Modern
) (./presentation.aux)
\openout1 = `presentation.aux'.

LaTeX Font Info:    Checking defaults for OML/cmm/m/it on input line 77.
LaTeX Font Info:    ... okay on input line 77.
LaTeX Font Info:    Checking defaults for OMS/cmsy/m/n on input line 77.
LaTeX Font Info:    ... okay on input line 77.
LaTeX Font Info:    Checking defaults for OT1/cmr/m/n on input line 77.
LaTeX Font Info:    ... okay on input line 77.
LaTeX Font Info:    Checking defaults for T1/cmr/m/n on input line 77.
LaTeX Font Info:    ... okay on input line 77.
LaTeX Font Info:    Checking defaults for TS1/cmr/m/n on input line 77.
LaTeX Font Info:    ... okay on input line 77.
LaTeX Font Info:    Checking defaults for OMX/cmex/m/n on input line 77.
LaTeX Font Info:    ... okay on input line 77.
LaTeX Font Info:    Checking defaults for U/cmr/m/n on input line 77.
LaTeX Font Info:    ... okay on input line 77.
LaTeX Font Info:    Checking defaults for PD1/pdf/m/n on input line 77.
LaTeX Font Info:    ... okay on input line 77.
LaTeX Font Info:    Checking defaults for PU/pdf/m/n on input line 77.
LaTeX Font Info:    ... okay on input line 77.

*geometry* driver: auto-detecting
*geometry* detected driver: pdftex
*geometry* verbose mode - [ preamble ] result:
* driver: pdftex
* paper: custom
* layout: <same size as paper>
* layoutoffset:(h,v)=(0.0pt,0.0pt)
* modes: includehead includefoot 
* h-part:(L,W,R)=(10.95003pt, 342.2953pt, 10.95003pt)
* v-part:(T,H,B)=(0.0pt, 273.14662pt, 0.0pt)
* \paperwidth=364.19536pt
* \paperheight=273.14662pt
* \textwidth=342.2953pt
* \textheight=244.6939pt
* \oddsidemargin=-61.31996pt
* \evensidemargin=-61.31996pt
* \topmargin=-72.26999pt
* \headheight=14.22636pt
* \headsep=0.0pt
* \topskip=11.0pt
* \footskip=14.22636pt
* \marginparwidth=4.0pt
* \marginparsep=10.0pt
* \columnsep=10.0pt
* \skip\footins=10.0pt plus 4.0pt minus 2.0pt
* \hoffset=0.0pt
* \voffset=0.0pt
* \mag=1000
* \@twocolumnfalse
* \@twosidefalse
* \@mparswitchfalse
* \@reversemarginfalse
* (1in=72.27pt=25.4mm, 1cm=28.453pt)

(/usr/share/texlive/texmf-dist/tex/context/base/mkii/supp-pdf.mkii
[Loading MPS to PDF converter (version 2006.09.02).]
\scratchcounter=\count366
\scratchdimen=\dimen318
\scratchbox=\box88
\nofMPsegments=\count367
\nofMParguments=\count368
\everyMPshowfont=\toks50
\MPscratchCnt=\count369
\MPscratchDim=\dimen319
\MPnumerator=\count370
\makeMPintoPDFobject=\count371
\everyMPtoPDFconversion=\toks51
)
Package hyperref Info: Link coloring OFF on input line 77.
 (/usr/share/texlive/texmf-dist/tex/latex/hyperref/nameref.sty
Package: nameref 2021-04-02 v2.47 Cross-referencing by name of section
 (/usr/share/texlive/texmf-dist/tex/latex/refcount/refcount.sty
Package: refcount 2019/12/15 v3.6 Data extraction from label references (HO)
) (/usr/share/texlive/texmf-dist/tex/generic/gettitlestring/gettitlestring.sty
Package: gettitlestring 2019/12/15 v1.6 Cleanup title references (HO)
)
\c@section@level=\count372
)
LaTeX Info: Redefining \ref on input line 77.
LaTeX Info: Redefining \pageref on input line 77.
LaTeX Info: Redefining \nameref on input line 77.
 (./presentation.out) (./presentation.out)
\@outlinefile=\write5
\openout5 = `presentation.out'.

LaTeX Font Info:    Overwriting symbol font `operators' in version `normal'
(Font)                  OT1/lmr/m/n --> OT1/cmss/m/n on input line 77.
LaTeX Font Info:    Overwriting symbol font `operators' in version `bold'
(Font)                  OT1/lmr/bx/n --> OT1/cmss/b/n on input line 77.
LaTeX Font Info:    Overwriting symbol font `operators' in version `normal'
(Font)                  OT1/cmss/m/n --> OT1/lmss/m/n on input line 77.
LaTeX Font Info:    Overwriting symbol font `operators' in version `bold'
(Font)                  OT1/cmss/b/n --> OT1/lmss/b/n on input line 77.
\symnumbers=\mathgroup11
LaTeX Font Info:    Redeclaring symbol font `pureletters' on input line 77.
LaTeX Font Info:    Overwriting symbol font `pureletters' in version `normal'
(Font)                  OT1/mathkerncmss/m/sl --> OT1/lmss/m/it on input line 77.
LaTeX Font Info:    Overwriting symbol font `pureletters' in version `bold'
(Font)                  OT1/mathkerncmss/bx/sl --> OT1/lmss/m/it on input line 77.
LaTeX Font Info:    Overwriting math alphabet `\mathrm' in version `normal'
(Font)                  OT1/lmss/m/n --> OT1/lmr/m/n on input line 77.
LaTeX Font Info:    Redeclaring math alphabet \mathbf on input line 77.
LaTeX Font Info:    Redeclaring math alphabet \mathsf on input line 77.
LaTeX Font Info:    Overwriting math alphabet `\mathsf' in version `normal'
(Font)                  OT1/lmss/m/n --> OT1/lmss/m/n on input line 77.
LaTeX Font Info:    Overwriting math alphabet `\mathsf' in version `bold'
(Font)                  OT1/lmss/bx/n --> OT1/lmss/m/n on input line 77.
LaTeX Font Info:    Redeclaring math alphabet \mathit on input line 77.
LaTeX Font Info:    Overwriting math alphabet `\mathit' in version `normal'
(Font)                  OT1/lmr/m/it --> OT1/lmss/m/it on input line 77.
LaTeX Font Info:    Overwriting math alphabet `\mathit' in version `bold'
(Font)                  OT1/lmr/bx/it --> OT1/lmss/m/it on input line 77.
LaTeX Font Info:    Redeclaring math alphabet \mathtt on input line 77.
LaTeX Font Info:    Overwriting math alphabet `\mathtt' in version `normal'
(Font)                  OT1/lmtt/m/n --> OT1/lmtt/m/n on input line 77.
LaTeX Font Info:    Overwriting math alphabet `\mathtt' in version `bold'
(Font)                  OT1/lmtt/m/n --> OT1/lmtt/m/n on input line 77.
LaTeX Font Info:    Overwriting symbol font `numbers' in version `bold'
(Font)                  OT1/lmss/m/n --> OT1/lmss/b/n on input line 77.
LaTeX Font Info:    Overwriting symbol font `pureletters' in version `bold'
(Font)                  OT1/lmss/m/it --> OT1/lmss/b/it on input line 77.
LaTeX Font Info:    Overwriting math alphabet `\mathrm' in version `bold'
(Font)                  OT1/lmss/b/n --> OT1/lmr/b/n on input line 77.
LaTeX Font Info:    Overwriting math alphabet `\mathbf' in version `bold'
(Font)                  OT1/lmss/b/n --> OT1/lmss/b/n on input line 77.
LaTeX Font Info:    Overwriting math alphabet `\mathsf' in version `bold'
(Font)                  OT1/lmss/m/n --> OT1/lmss/b/n on input line 77.
LaTeX Font Info:    Overwriting math alphabet `\mathit' in version `bold'
(Font)                  OT1/lmss/m/it --> OT1/lmss/b/it on input line 77.
LaTeX Font Info:    Overwriting math alphabet `\mathtt' in version `bold'
(Font)                  OT1/lmtt/m/n --> OT1/lmtt/b/n on input line 77.
LaTeX Font Info:    Redeclaring symbol font `boldpureletters' on input line 77.
LaTeX Font Info:    Overwriting symbol font `boldpureletters' in version `normal'
(Font)                  OT1/mathkerncmss/bx/sl --> OT1/lmss/bx/it on input line 77.
LaTeX Font Info:    Overwriting symbol font `boldpureletters' in version `bold'
(Font)                  OT1/mathkerncmss/bx/sl --> OT1/lmss/bx/it on input line 77.
 (/usr/share/texlive/texmf-dist/tex/latex/translator/translator-basic-dictionary-English.dict
Dictionary: translator-basic-dictionary, Language: English 
) (/usr/share/texlive/texmf-dist/tex/latex/translator/translator-bibliography-dictionary-English.dict
Dictionary: translator-bibliography-dictionary, Language: English 
) (/usr/share/texlive/texmf-dist/tex/latex/translator/translator-environment-dictionary-English.dict
Dictionary: translator-environment-dictionary, Language: English 
) (/usr/share/texlive/texmf-dist/tex/latex/translator/translator-months-dictionary-English.dict
Dictionary: translator-months-dictionary, Language: English 
) (/usr/share/texlive/texmf-dist/tex/latex/translator/translator-numbers-dictionary-English.dict
Dictionary: translator-numbers-dictionary, Language: English 
) (/usr/share/texlive/texmf-dist/tex/latex/translator/translator-theorem-dictionary-English.dict
Dictionary: translator-theorem-dictionary, Language: English 
)
Package caption Info: Begin \AtBeginDocument code.
Package caption Info: End \AtBeginDocument code.
 (./presentation.nav)
<files/symbol_cvut_plna_samostatna_verze.pdf, id=26, 126.26071pt x 96.5176pt>
File: files/symbol_cvut_plna_samostatna_verze.pdf Graphic file (type pdf)
<use files/symbol_cvut_plna_samostatna_verze.pdf>
Package pdftex.def Info: files/symbol_cvut_plna_samostatna_verze.pdf  used on input line 84.
(pdftex.def)             Requested size: 48.38799pt x 36.98866pt.
 [1

{/var/lib/texmf/fonts/map/pdftex/updmap/pdftex.map} <./files/symbol_cvut_plna_samostatna_verze.pdf>]
<figChap1/The-piano-movers-problem-EET.png, id=41, 853.1875pt x 853.1875pt>
File: figChap1/The-piano-movers-problem-EET.png Graphic file (type png)
<use figChap1/The-piano-movers-problem-EET.png>
Package pdftex.def Info: figChap1/The-piano-movers-problem-EET.png  used on input line 100.
(pdftex.def)             Requested size: 188.26346pt x 188.26163pt.
File: files/symbol_cvut_plna_samostatna_verze.pdf Graphic file (type pdf)
<use files/symbol_cvut_plna_samostatna_verze.pdf>
Package pdftex.def Info: files/symbol_cvut_plna_samostatna_verze.pdf  used on input line 100.
(pdftex.def)             Requested size: 37.2196pt x 28.45274pt.
 [2

 <./figChap1/The-piano-movers-problem-EET.png>]
Package epstopdf Info: Source file: <figChap2/ConfigSpace.eps>
(epstopdf)                    date: 2024-05-11 14:58:44
(epstopdf)                    size: 218098 bytes
(epstopdf)             Output file: <figChap2/ConfigSpace-eps-converted-to.pdf>
(epstopdf)                    date: 2024-05-11 14:59:04
(epstopdf)                    size: 14417 bytes
(epstopdf)             Command: <repstopdf --outfile=figChap2/ConfigSpace-eps-converted-to.pdf figChap2/ConfigSpace.eps>
(epstopdf)             \includegraphics on input line 112.
Package epstopdf Info: Output file is already uptodate.
<figChap2/ConfigSpace-eps-converted-to.pdf, id=53, 271.0125pt x 271.0125pt>
File: figChap2/ConfigSpace-eps-converted-to.pdf Graphic file (type pdf)
<use figChap2/ConfigSpace-eps-converted-to.pdf>
Package pdftex.def Info: figChap2/ConfigSpace-eps-converted-to.pdf  used on input line 112.
(pdftex.def)             Requested size: 171.14764pt x 171.1523pt.
LaTeX Font Info:    Trying to load font information for OML+lmm on input line 112.
 (/usr/share/texmf/tex/latex/lm/omllmm.fd
File: omllmm.fd 2009/10/30 v1.6 Font defs for Latin Modern
)
LaTeX Font Info:    Trying to load font information for OMS+lmsy on input line 112.
 (/usr/share/texmf/tex/latex/lm/omslmsy.fd
File: omslmsy.fd 2009/10/30 v1.6 Font defs for Latin Modern
)
LaTeX Font Info:    Trying to load font information for OMX+lmex on input line 112.
 (/usr/share/texmf/tex/latex/lm/omxlmex.fd
File: omxlmex.fd 2009/10/30 v1.6 Font defs for Latin Modern
)
LaTeX Font Info:    External font `lmex10' loaded for size
(Font)              <10> on input line 112.
LaTeX Font Info:    External font `lmex10' loaded for size
(Font)              <7> on input line 112.
LaTeX Font Info:    External font `lmex10' loaded for size
(Font)              <5> on input line 112.
LaTeX Font Info:    Trying to load font information for U+msa on input line 112.
 (/usr/share/texlive/texmf-dist/tex/latex/amsfonts/umsa.fd
File: umsa.fd 2013/01/14 v3.01 AMS symbols A
)
LaTeX Font Info:    Trying to load font information for U+msb on input line 112.
 (/usr/share/texlive/texmf-dist/tex/latex/amsfonts/umsb.fd
File: umsb.fd 2013/01/14 v3.01 AMS symbols B
)
LaTeX Font Info:    Font shape `OT1/lmss/m/it' in size <10> not available
(Font)              Font shape `OT1/lmss/m/sl' tried instead on input line 112.
LaTeX Font Info:    Font shape `OT1/lmss/m/it' in size <7> not available
(Font)              Font shape `OT1/lmss/m/sl' tried instead on input line 112.
LaTeX Font Info:    Font shape `OT1/lmss/m/it' in size <5> not available
(Font)              Font shape `OT1/lmss/m/sl' tried instead on input line 112.
LaTeX Font Info:    Trying to load font information for OT1+lmr on input line 112.
 (/usr/share/texmf/tex/latex/lm/ot1lmr.fd
File: ot1lmr.fd 2009/10/30 v1.6 Font defs for Latin Modern
)
LaTeX Font Info:    Font shape `OT1/lmss/bx/it' in size <10> not available
(Font)              Font shape `OT1/lmss/bx/sl' tried instead on input line 112.
LaTeX Font Info:    Font shape `OT1/lmss/bx/it' in size <7> not available
(Font)              Font shape `OT1/lmss/bx/sl' tried instead on input line 112.
LaTeX Font Info:    Font shape `OT1/lmss/bx/it' in size <5> not available
(Font)              Font shape `OT1/lmss/bx/sl' tried instead on input line 112.
File: files/symbol_cvut_plna_samostatna_verze.pdf Graphic file (type pdf)
<use files/symbol_cvut_plna_samostatna_verze.pdf>
Package pdftex.def Info: files/symbol_cvut_plna_samostatna_verze.pdf  used on input line 112.
(pdftex.def)             Requested size: 37.2196pt x 28.45274pt.
 [3

 <./figChap2/ConfigSpace-eps-converted-to.pdf>]
Package epstopdf Info: Source file: <figChap3/2RRTexpansion2000.eps>
(epstopdf)                    date: 2024-04-25 14:11:08
(epstopdf)                    size: 1025663 bytes
(epstopdf)             Output file: <figChap3/2RRTexpansion2000-eps-converted-to.pdf>
(epstopdf)                    date: 2024-04-25 14:11:46
(epstopdf)                    size: 27780 bytes
(epstopdf)             Command: <repstopdf --outfile=figChap3/2RRTexpansion2000-eps-converted-to.pdf figChap3/2RRTexpansion2000.eps>
(epstopdf)             \includegraphics on input line 135.
Package epstopdf Info: Output file is already uptodate.
<figChap3/2RRTexpansion2000-eps-converted-to.pdf, id=85, 271.0125pt x 271.0125pt>
File: figChap3/2RRTexpansion2000-eps-converted-to.pdf Graphic file (type pdf)
<use figChap3/2RRTexpansion2000-eps-converted-to.pdf>
Package pdftex.def Info: figChap3/2RRTexpansion2000-eps-converted-to.pdf  used on input line 135.
(pdftex.def)             Requested size: 154.03183pt x 154.03624pt.
Package epstopdf Info: Source file: <figChap3/RRTstar_expansion2000.eps>
(epstopdf)                    date: 2024-04-22 19:08:20
(epstopdf)                    size: 1033786 bytes
(epstopdf)             Output file: <figChap3/RRTstar_expansion2000-eps-converted-to.pdf>
(epstopdf)                    date: 2024-04-25 14:05:50
(epstopdf)                    size: 25985 bytes
(epstopdf)             Command: <repstopdf --outfile=figChap3/RRTstar_expansion2000-eps-converted-to.pdf figChap3/RRTstar_expansion2000.eps>
(epstopdf)             \includegraphics on input line 135.
Package epstopdf Info: Output file is already uptodate.
<figChap3/RRTstar_expansion2000-eps-converted-to.pdf, id=86, 271.0125pt x 271.0125pt>
File: figChap3/RRTstar_expansion2000-eps-converted-to.pdf Graphic file (type pdf)
<use figChap3/RRTstar_expansion2000-eps-converted-to.pdf>
Package pdftex.def Info: figChap3/RRTstar_expansion2000-eps-converted-to.pdf  used on input line 135.
(pdftex.def)             Requested size: 154.03183pt x 154.03624pt.
File: files/symbol_cvut_plna_samostatna_verze.pdf Graphic file (type pdf)
<use files/symbol_cvut_plna_samostatna_verze.pdf>
Package pdftex.def Info: files/symbol_cvut_plna_samostatna_verze.pdf  used on input line 135.
(pdftex.def)             Requested size: 37.2196pt x 28.45274pt.
 [4

 <./figChap3/2RRTexpansion2000-eps-converted-to.pdf> <./figChap3/RRTstar_expansion2000-eps-converted-to.pdf>]
<figChap3/RRT_maze7748i119w.pdf, id=104, 270.62305pt x 270.62305pt>
File: figChap3/RRT_maze7748i119w.pdf Graphic file (type pdf)
<use figChap3/RRT_maze7748i119w.pdf>
Package pdftex.def Info: figChap3/RRT_maze7748i119w.pdf  used on input line 155.
(pdftex.def)             Requested size: 154.03183pt x 154.03787pt.
<figChap3/RRTstar_maze_7060i_35w.pdf, id=105, 270.62305pt x 270.62305pt>
File: figChap3/RRTstar_maze_7060i_35w.pdf Graphic file (type pdf)
<use figChap3/RRTstar_maze_7060i_35w.pdf>
Package pdftex.def Info: figChap3/RRTstar_maze_7060i_35w.pdf  used on input line 155.
(pdftex.def)             Requested size: 154.03183pt x 154.03787pt.
File: files/symbol_cvut_plna_samostatna_verze.pdf Graphic file (type pdf)
<use files/symbol_cvut_plna_samostatna_verze.pdf>
Package pdftex.def Info: files/symbol_cvut_plna_samostatna_verze.pdf  used on input line 155.
(pdftex.def)             Requested size: 37.2196pt x 28.45274pt.
 [5

 <./figChap3/RRT_maze7748i119w.pdf> <./figChap3/RRTstar_maze_7060i_35w.pdf>]
<figChap5/3D_exampleRRT314it_big.pdf, id=3096, 558.085pt x 558.085pt>
File: figChap5/3D_exampleRRT314it_big.pdf Graphic file (type pdf)
<use figChap5/3D_exampleRRT314it_big.pdf>
Package pdftex.def Info: figChap5/3D_exampleRRT314it_big.pdf  used on input line 173.
(pdftex.def)             Requested size: 154.03183pt x 154.03163pt.
<figChap5/3D_exampleNew471it_cropped.pdf, id=3097, 269.005pt x 269.005pt>
File: figChap5/3D_exampleNew471it_cropped.pdf Graphic file (type pdf)
<use figChap5/3D_exampleNew471it_cropped.pdf>
Package pdftex.def Info: figChap5/3D_exampleNew471it_cropped.pdf  used on input line 173.
(pdftex.def)             Requested size: 154.03183pt x 154.03223pt.
File: files/symbol_cvut_plna_samostatna_verze.pdf Graphic file (type pdf)
<use files/symbol_cvut_plna_samostatna_verze.pdf>
Package pdftex.def Info: files/symbol_cvut_plna_samostatna_verze.pdf  used on input line 173.
(pdftex.def)             Requested size: 37.2196pt x 28.45274pt.
 [6

 <./figChap5/3D_exampleRRT314it_big.pdf> <./figChap5/3D_exampleNew471it_cropped.pdf

pdfTeX warning: pdflatex (file ./figChap5/3D_exampleNew471it_cropped.pdf): PDF inclusion: multiple pdfs with page group included in a single page
>]
Package epstopdf Info: Source file: <figChap4/SimpleMaze.eps>
(epstopdf)                    date: 2024-05-11 13:17:01
(epstopdf)                    size: 826683 bytes
(epstopdf)             Output file: <figChap4/SimpleMaze-eps-converted-to.pdf>
(epstopdf)                    date: 2024-05-11 13:17:13
(epstopdf)                    size: 5470 bytes
(epstopdf)             Command: <repstopdf --outfile=figChap4/SimpleMaze-eps-converted-to.pdf figChap4/SimpleMaze.eps>
(epstopdf)             \includegraphics on input line 185.
Package epstopdf Info: Output file is already uptodate.
<figChap4/SimpleMaze-eps-converted-to.pdf, id=28996, 271.0125pt x 271.0125pt>
File: figChap4/SimpleMaze-eps-converted-to.pdf Graphic file (type pdf)
<use figChap4/SimpleMaze-eps-converted-to.pdf>
Package pdftex.def Info: figChap4/SimpleMaze-eps-converted-to.pdf  used on input line 185.
(pdftex.def)             Requested size: 171.14764pt x 171.1523pt.
File: files/symbol_cvut_plna_samostatna_verze.pdf Graphic file (type pdf)
<use files/symbol_cvut_plna_samostatna_verze.pdf>
Package pdftex.def Info: files/symbol_cvut_plna_samostatna_verze.pdf  used on input line 185.
(pdftex.def)             Requested size: 37.2196pt x 28.45274pt.
 [7

 <./figChap4/SimpleMaze-eps-converted-to.pdf>]
<figChap4/GKDE_obsU.pdf, id=29008, 1387.58403pt x 723.42267pt>
File: figChap4/GKDE_obsU.pdf Graphic file (type pdf)
<use figChap4/GKDE_obsU.pdf>
Package pdftex.def Info: figChap4/GKDE_obsU.pdf  used on input line 198.
(pdftex.def)             Requested size: 342.2953pt x 178.44882pt.
File: files/symbol_cvut_plna_samostatna_verze.pdf Graphic file (type pdf)
<use files/symbol_cvut_plna_samostatna_verze.pdf>
Package pdftex.def Info: files/symbol_cvut_plna_samostatna_verze.pdf  used on input line 198.
(pdftex.def)             Requested size: 37.2196pt x 28.45274pt.
 [8

 <./figChap4/GKDE_obsU.pdf>]
<figChap4/GKDE_freeU.pdf, id=29040, 1387.58403pt x 723.42267pt>
File: figChap4/GKDE_freeU.pdf Graphic file (type pdf)
<use figChap4/GKDE_freeU.pdf>
Package pdftex.def Info: figChap4/GKDE_freeU.pdf  used on input line 211.
(pdftex.def)             Requested size: 342.2953pt x 178.44882pt.
File: files/symbol_cvut_plna_samostatna_verze.pdf Graphic file (type pdf)
<use files/symbol_cvut_plna_samostatna_verze.pdf>
Package pdftex.def Info: files/symbol_cvut_plna_samostatna_verze.pdf  used on input line 211.
(pdftex.def)             Requested size: 37.2196pt x 28.45274pt.
 [9

 <./figChap4/GKDE_freeU.pdf>]
LaTeX Font Info:    External font `lmex10' loaded for size
(Font)              <8> on input line 247.
LaTeX Font Info:    External font `lmex10' loaded for size
(Font)              <6> on input line 247.
LaTeX Font Info:    Font shape `OT1/lmss/m/it' in size <8> not available
(Font)              Font shape `OT1/lmss/m/sl' tried instead on input line 247.
LaTeX Font Info:    Font shape `OT1/lmss/m/it' in size <6> not available
(Font)              Font shape `OT1/lmss/m/sl' tried instead on input line 247.
LaTeX Font Info:    Font shape `OT1/lmss/bx/it' in size <8> not available
(Font)              Font shape `OT1/lmss/bx/sl' tried instead on input line 247.
LaTeX Font Info:    Font shape `OT1/lmss/bx/it' in size <6> not available
(Font)              Font shape `OT1/lmss/bx/sl' tried instead on input line 247.
LaTeX Font Info:    External font `lmex10' loaded for size
(Font)              <10.95> on input line 247.
LaTeX Font Info:    Font shape `OT1/lmss/m/it' in size <10.95> not available
(Font)              Font shape `OT1/lmss/m/sl' tried instead on input line 247.
LaTeX Font Info:    Font shape `OT1/lmss/bx/it' in size <10.95> not available
(Font)              Font shape `OT1/lmss/bx/sl' tried instead on input line 247.
File: files/symbol_cvut_plna_samostatna_verze.pdf Graphic file (type pdf)
<use files/symbol_cvut_plna_samostatna_verze.pdf>
Package pdftex.def Info: files/symbol_cvut_plna_samostatna_verze.pdf  used on input line 247.
(pdftex.def)             Requested size: 37.2196pt x 28.45274pt.
 [10

]
<figChap4/RRTstar_maze216.0.pdf, id=29086, 270.62305pt x 270.62305pt>
File: figChap4/RRTstar_maze216.0.pdf Graphic file (type pdf)
<use figChap4/RRTstar_maze216.0.pdf>
Package pdftex.def Info: figChap4/RRTstar_maze216.0.pdf  used on input line 268.
(pdftex.def)             Requested size: 154.03183pt x 154.03787pt.
<figChap4/RRTstarML_maze206.0.pdf, id=29087, 270.62305pt x 270.62305pt>
File: figChap4/RRTstarML_maze206.0.pdf Graphic file (type pdf)
<use figChap4/RRTstarML_maze206.0.pdf>
Package pdftex.def Info: figChap4/RRTstarML_maze206.0.pdf  used on input line 268.
(pdftex.def)             Requested size: 154.03183pt x 154.03787pt.
File: files/symbol_cvut_plna_samostatna_verze.pdf Graphic file (type pdf)
<use files/symbol_cvut_plna_samostatna_verze.pdf>
Package pdftex.def Info: files/symbol_cvut_plna_samostatna_verze.pdf  used on input line 268.
(pdftex.def)             Requested size: 37.2196pt x 28.45274pt.
 [11

 <./figChap4/RRTstar_maze216.0.pdf> <./figChap4/RRTstarML_maze206.0.pdf>]
<figChap4/RRTstarML_learning206.0.pdf, id=30439, 270.62305pt x 270.62305pt>
File: figChap4/RRTstarML_learning206.0.pdf Graphic file (type pdf)
<use figChap4/RRTstarML_learning206.0.pdf>
Package pdftex.def Info: figChap4/RRTstarML_learning206.0.pdf  used on input line 287.
(pdftex.def)             Requested size: 154.03183pt x 154.03787pt.
File: figChap4/RRTstarML_maze206.0.pdf Graphic file (type pdf)
<use figChap4/RRTstarML_maze206.0.pdf>
Package pdftex.def Info: figChap4/RRTstarML_maze206.0.pdf  used on input line 287.
(pdftex.def)             Requested size: 154.03183pt x 154.03787pt.
File: files/symbol_cvut_plna_samostatna_verze.pdf Graphic file (type pdf)
<use files/symbol_cvut_plna_samostatna_verze.pdf>
Package pdftex.def Info: files/symbol_cvut_plna_samostatna_verze.pdf  used on input line 287.
(pdftex.def)             Requested size: 37.2196pt x 28.45274pt.
 [12

 <./figChap4/RRTstarML_learning206.0.pdf>]
<figChap4/RRTstar2DML_learning237.2.pdf, id=31295, 270.62305pt x 270.62305pt>
File: figChap4/RRTstar2DML_learning237.2.pdf Graphic file (type pdf)
<use figChap4/RRTstar2DML_learning237.2.pdf>
Package pdftex.def Info: figChap4/RRTstar2DML_learning237.2.pdf  used on input line 307.
(pdftex.def)             Requested size: 154.03183pt x 154.03787pt.
<figChap4/RRTstar2DML_maze237.2.pdf, id=31296, 270.62305pt x 270.62305pt>
File: figChap4/RRTstar2DML_maze237.2.pdf Graphic file (type pdf)
<use figChap4/RRTstar2DML_maze237.2.pdf>
Package pdftex.def Info: figChap4/RRTstar2DML_maze237.2.pdf  used on input line 307.
(pdftex.def)             Requested size: 154.03183pt x 154.03787pt.
File: files/symbol_cvut_plna_samostatna_verze.pdf Graphic file (type pdf)
<use files/symbol_cvut_plna_samostatna_verze.pdf>
Package pdftex.def Info: files/symbol_cvut_plna_samostatna_verze.pdf  used on input line 307.
(pdftex.def)             Requested size: 37.2196pt x 28.45274pt.
 [13

 <./figChap4/RRTstar2DML_learning237.2.pdf> <./figChap4/RRTstar2DML_maze237.2.pdf>]
<figChap4/6D_RRTstar173it_loc_m135to35.pdf, id=32682, 269.005pt x 269.005pt>
File: figChap4/6D_RRTstar173it_loc_m135to35.pdf Graphic file (type pdf)
<use figChap4/6D_RRTstar173it_loc_m135to35.pdf>
Package pdftex.def Info: figChap4/6D_RRTstar173it_loc_m135to35.pdf  used on input line 326.
(pdftex.def)             Requested size: 154.03183pt x 154.03223pt.
<figChap4/6D_RRTstarML193it_loc_m135to35.pdf, id=32683, 269.005pt x 269.005pt>
File: figChap4/6D_RRTstarML193it_loc_m135to35.pdf Graphic file (type pdf)
<use figChap4/6D_RRTstarML193it_loc_m135to35.pdf>
Package pdftex.def Info: figChap4/6D_RRTstarML193it_loc_m135to35.pdf  used on input line 326.
(pdftex.def)             Requested size: 154.03183pt x 154.03223pt.
File: files/symbol_cvut_plna_samostatna_verze.pdf Graphic file (type pdf)
<use files/symbol_cvut_plna_samostatna_verze.pdf>
Package pdftex.def Info: files/symbol_cvut_plna_samostatna_verze.pdf  used on input line 326.
(pdftex.def)             Requested size: 37.2196pt x 28.45274pt.
 [14

 <./figChap4/6D_RRTstar173it_loc_m135to35.pdf> <./figChap4/6D_RRTstarML193it_loc_m135to35.pdf

pdfTeX warning: pdflatex (file ./figChap4/6D_RRTstarML193it_loc_m135to35.pdf): PDF inclusion: multiple pdfs with page group included in a single page
>]
<figChap4/6D_RRTstar1773it_loc_135to10.pdf, id=37844, 269.005pt x 269.005pt>
File: figChap4/6D_RRTstar1773it_loc_135to10.pdf Graphic file (type pdf)
<use figChap4/6D_RRTstar1773it_loc_135to10.pdf>
Package pdftex.def Info: figChap4/6D_RRTstar1773it_loc_135to10.pdf  used on input line 345.
(pdftex.def)             Requested size: 154.03183pt x 154.03223pt.
<figChap4/6D_RRTstarML193it_loc_135to10.pdf, id=37845, 269.005pt x 269.005pt>
File: figChap4/6D_RRTstarML193it_loc_135to10.pdf Graphic file (type pdf)
<use figChap4/6D_RRTstarML193it_loc_135to10.pdf>
Package pdftex.def Info: figChap4/6D_RRTstarML193it_loc_135to10.pdf  used on input line 345.
(pdftex.def)             Requested size: 154.03183pt x 154.03223pt.
File: files/symbol_cvut_plna_samostatna_verze.pdf Graphic file (type pdf)
<use files/symbol_cvut_plna_samostatna_verze.pdf>
Package pdftex.def Info: files/symbol_cvut_plna_samostatna_verze.pdf  used on input line 345.
(pdftex.def)             Requested size: 37.2196pt x 28.45274pt.
 [15

 <./figChap4/6D_RRTstar1773it_loc_135to10.pdf> <./figChap4/6D_RRTstarML193it_loc_135to10.pdf

pdfTeX warning: pdflatex (file ./figChap4/6D_RRTstarML193it_loc_135to10.pdf): PDF inclusion: multiple pdfs with page group included in a single page
>]
<figChap5/graph_U_20pt_ticks.pdf, id=43005, 515.66057pt x 500.00519pt>
File: figChap5/graph_U_20pt_ticks.pdf Graphic file (type pdf)
<use figChap5/graph_U_20pt_ticks.pdf>
Package pdftex.def Info: figChap5/graph_U_20pt_ticks.pdf  used on input line 366.
(pdftex.def)             Requested size: 164.30028pt x 159.31064pt.
<figChap5/Maze_U_ticks.pdf, id=43006, 291.49316pt x 283.84431pt>
File: figChap5/Maze_U_ticks.pdf Graphic file (type pdf)
<use figChap5/Maze_U_ticks.pdf>
Package pdftex.def Info: figChap5/Maze_U_ticks.pdf  used on input line 366.
(pdftex.def)             Requested size: 167.72658pt x 163.32614pt.
File: files/symbol_cvut_plna_samostatna_verze.pdf Graphic file (type pdf)
<use files/symbol_cvut_plna_samostatna_verze.pdf>
Package pdftex.def Info: files/symbol_cvut_plna_samostatna_verze.pdf  used on input line 366.
(pdftex.def)             Requested size: 37.2196pt x 28.45274pt.
 [16

 <./figChap5/graph_U_20pt_ticks.pdf> <./figChap5/Maze_U_ticks.pdf>]
<figChap5/graph_clutter_20pt_ticks.pdf, id=43065, 515.66057pt x 500.00519pt>
File: figChap5/graph_clutter_20pt_ticks.pdf Graphic file (type pdf)
<use figChap5/graph_clutter_20pt_ticks.pdf>
Package pdftex.def Info: figChap5/graph_clutter_20pt_ticks.pdf  used on input line 384.
(pdftex.def)             Requested size: 164.30028pt x 159.31064pt.
<figChap5/Maze_clutter_ticks.pdf, id=43066, 291.49316pt x 283.84431pt>
File: figChap5/Maze_clutter_ticks.pdf Graphic file (type pdf)
<use figChap5/Maze_clutter_ticks.pdf>
Package pdftex.def Info: figChap5/Maze_clutter_ticks.pdf  used on input line 384.
(pdftex.def)             Requested size: 167.72658pt x 163.32614pt.
File: files/symbol_cvut_plna_samostatna_verze.pdf Graphic file (type pdf)
<use files/symbol_cvut_plna_samostatna_verze.pdf>
Package pdftex.def Info: files/symbol_cvut_plna_samostatna_verze.pdf  used on input line 384.
(pdftex.def)             Requested size: 37.2196pt x 28.45274pt.
 [17

 <./figChap5/graph_clutter_20pt_ticks.pdf> <./figChap5/Maze_clutter_ticks.pdf>]
<figChap5/Maze_clutter_RRTstarML_learning500.pdf, id=43123, 270.62305pt x 270.62305pt>
File: figChap5/Maze_clutter_RRTstarML_learning500.pdf Graphic file (type pdf)
<use figChap5/Maze_clutter_RRTstarML_learning500.pdf>
Package pdftex.def Info: figChap5/Maze_clutter_RRTstarML_learning500.pdf  used on input line 410.
(pdftex.def)             Requested size: 109.537pt x 109.53566pt.
<figChap5/Maze_clutter_RRTstarML_learning1000.pdf, id=43124, 270.62305pt x 270.62305pt>
File: figChap5/Maze_clutter_RRTstarML_learning1000.pdf Graphic file (type pdf)
<use figChap5/Maze_clutter_RRTstarML_learning1000.pdf>
Package pdftex.def Info: figChap5/Maze_clutter_RRTstarML_learning1000.pdf  used on input line 410.
(pdftex.def)             Requested size: 109.537pt x 109.53566pt.
<figChap5/Maze_clutter_RRTstarML_learning5000.pdf, id=43125, 270.62305pt x 270.62305pt>
File: figChap5/Maze_clutter_RRTstarML_learning5000.pdf Graphic file (type pdf)
<use figChap5/Maze_clutter_RRTstarML_learning5000.pdf>
Package pdftex.def Info: figChap5/Maze_clutter_RRTstarML_learning5000.pdf  used on input line 410.
(pdftex.def)             Requested size: 109.537pt x 109.53566pt.
File: files/symbol_cvut_plna_samostatna_verze.pdf Graphic file (type pdf)
<use files/symbol_cvut_plna_samostatna_verze.pdf>
Package pdftex.def Info: files/symbol_cvut_plna_samostatna_verze.pdf  used on input line 410.
(pdftex.def)             Requested size: 37.2196pt x 28.45274pt.
 [18

 <./figChap5/Maze_clutter_RRTstarML_learning500.pdf> <./figChap5/Maze_clutter_RRTstarML_learning1000.pdf> <./figChap5/Maze_clutter_RRTstarML_learning5000.pdf>]
<figChap5/Maze_clutter_final_solution_RRTstarML.pdf, id=49943, 294.09875pt x 284.06125pt>
File: figChap5/Maze_clutter_final_solution_RRTstarML.pdf Graphic file (type pdf)
<use figChap5/Maze_clutter_final_solution_RRTstarML.pdf>
Package pdftex.def Info: figChap5/Maze_clutter_final_solution_RRTstarML.pdf  used on input line 429.
(pdftex.def)             Requested size: 148.89761pt x 143.81604pt.
<figChap5/Maze_clutter_final_solution_RRTstar2.pdf, id=49944, 294.09875pt x 284.06125pt>
File: figChap5/Maze_clutter_final_solution_RRTstar2.pdf Graphic file (type pdf)
<use figChap5/Maze_clutter_final_solution_RRTstar2.pdf>
Package pdftex.def Info: figChap5/Maze_clutter_final_solution_RRTstar2.pdf  used on input line 429.
(pdftex.def)             Requested size: 148.89761pt x 143.81604pt.
File: files/symbol_cvut_plna_samostatna_verze.pdf Graphic file (type pdf)
<use files/symbol_cvut_plna_samostatna_verze.pdf>
Package pdftex.def Info: files/symbol_cvut_plna_samostatna_verze.pdf  used on input line 429.
(pdftex.def)             Requested size: 37.2196pt x 28.45274pt.
 [19

 <./figChap5/Maze_clutter_final_solution_RRTstarML.pdf> <./figChap5/Maze_clutter_final_solution_RRTstar2.pdf

pdfTeX warning: pdflatex (file ./figChap5/Maze_clutter_final_solution_RRTstar2.pdf): PDF inclusion: multiple pdfs with page group included in a single page
>]
<figChap5/Maze_clutter_final_solution_InformedRRTstar.pdf, id=50250, 294.09875pt x 284.06125pt>
File: figChap5/Maze_clutter_final_solution_InformedRRTstar.pdf Graphic file (type pdf)
<use figChap5/Maze_clutter_final_solution_InformedRRTstar.pdf>
Package pdftex.def Info: figChap5/Maze_clutter_final_solution_InformedRRTstar.pdf  used on input line 454.
(pdftex.def)             Requested size: 109.537pt x 105.79884pt.
<figChap5/Maze_clutter_final_solution_RRTsharp.pdf, id=50251, 293.28584pt x 283.84431pt>
File: figChap5/Maze_clutter_final_solution_RRTsharp.pdf Graphic file (type pdf)
<use figChap5/Maze_clutter_final_solution_RRTsharp.pdf>
Package pdftex.def Info: figChap5/Maze_clutter_final_solution_RRTsharp.pdf  used on input line 454.
(pdftex.def)             Requested size: 109.537pt x 106.00824pt.
LaTeX Font Info:    External font `lmex10' loaded for size
(Font)              <9> on input line 454.
LaTeX Font Info:    Font shape `OT1/lmss/m/it' in size <9> not available
(Font)              Font shape `OT1/lmss/m/sl' tried instead on input line 454.
LaTeX Font Info:    Font shape `OT1/lmss/bx/it' in size <9> not available
(Font)              Font shape `OT1/lmss/bx/sl' tried instead on input line 454.
<figChap5/Maze_clutter_final_solution_RRTXstatic.pdf, id=50252, 294.09875pt x 284.06125pt>
File: figChap5/Maze_clutter_final_solution_RRTXstatic.pdf Graphic file (type pdf)
<use figChap5/Maze_clutter_final_solution_RRTXstatic.pdf>
Package pdftex.def Info: figChap5/Maze_clutter_final_solution_RRTXstatic.pdf  used on input line 454.
(pdftex.def)             Requested size: 109.537pt x 105.79884pt.
File: files/symbol_cvut_plna_samostatna_verze.pdf Graphic file (type pdf)
<use files/symbol_cvut_plna_samostatna_verze.pdf>
Package pdftex.def Info: files/symbol_cvut_plna_samostatna_verze.pdf  used on input line 454.
(pdftex.def)             Requested size: 37.2196pt x 28.45274pt.
 [20

 <./figChap5/Maze_clutter_final_solution_InformedRRTstar.pdf> <./figChap5/Maze_clutter_final_solution_RRTsharp.pdf> <./figChap5/Maze_clutter_final_solution_RRTXstatic.pdf

pdfTeX warning: pdflatex (file ./figChap5/Maze_clutter_final_solution_RRTXstatic.pdf): PDF inclusion: multiple pdfs with page group included in a single page
>]
File: files/symbol_cvut_plna_samostatna_verze.pdf Graphic file (type pdf)
<use files/symbol_cvut_plna_samostatna_verze.pdf>
Package pdftex.def Info: files/symbol_cvut_plna_samostatna_verze.pdf  used on input line 478.
(pdftex.def)             Requested size: 37.2196pt x 28.45274pt.
 [21

]
<figChap5/Maze_E_2D.pdf, id=50490, 293.28584pt x 283.84431pt>
File: figChap5/Maze_E_2D.pdf Graphic file (type pdf)
<use figChap5/Maze_E_2D.pdf>
Package pdftex.def Info: figChap5/Maze_E_2D.pdf  used on input line 496.
(pdftex.def)             Requested size: 167.72658pt x 162.32565pt.
<figChap5/RRTstar_ML_Maze_E_2D_solution.pdf, id=50491, 293.28584pt x 283.84431pt>
File: figChap5/RRTstar_ML_Maze_E_2D_solution.pdf Graphic file (type pdf)
<use figChap5/RRTstar_ML_Maze_E_2D_solution.pdf>
Package pdftex.def Info: figChap5/RRTstar_ML_Maze_E_2D_solution.pdf  used on input line 496.
(pdftex.def)             Requested size: 167.72658pt x 162.32565pt.
File: files/symbol_cvut_plna_samostatna_verze.pdf Graphic file (type pdf)
<use files/symbol_cvut_plna_samostatna_verze.pdf>
Package pdftex.def Info: files/symbol_cvut_plna_samostatna_verze.pdf  used on input line 496.
(pdftex.def)             Requested size: 37.2196pt x 28.45274pt.
 [22

 <./figChap5/Maze_E_2D.pdf> <./figChap5/RRTstar_ML_Maze_E_2D_solution.pdf>]
<figChap5/graph_E_2D_learning_time.pdf, id=50542, 515.65273pt x 500.00519pt>
File: figChap5/graph_E_2D_learning_time.pdf Graphic file (type pdf)
<use figChap5/graph_E_2D_learning_time.pdf>
Package pdftex.def Info: figChap5/graph_E_2D_learning_time.pdf  used on input line 524.
(pdftex.def)             Requested size: 167.72658pt x 162.63708pt.
File: files/symbol_cvut_plna_samostatna_verze.pdf Graphic file (type pdf)
<use files/symbol_cvut_plna_samostatna_verze.pdf>
Package pdftex.def Info: files/symbol_cvut_plna_samostatna_verze.pdf  used on input line 524.
(pdftex.def)             Requested size: 37.2196pt x 28.45274pt.
 [23

 <./figChap5/graph_E_2D_learning_time.pdf>]
<figChap5/6D_RRTstarFront_ML.pdf, id=50578, 294.09875pt x 226.8475pt>
File: figChap5/6D_RRTstarFront_ML.pdf Graphic file (type pdf)
<use figChap5/6D_RRTstarFront_ML.pdf>
Package pdftex.def Info: figChap5/6D_RRTstarFront_ML.pdf  used on input line 545.
(pdftex.def)             Requested size: 167.72658pt x 129.37364pt.
<figChap5/6D_RRTstraRight_ML.pdf, id=50579, 294.09875pt x 226.8475pt>
File: figChap5/6D_RRTstraRight_ML.pdf Graphic file (type pdf)
<use figChap5/6D_RRTstraRight_ML.pdf>
Package pdftex.def Info: figChap5/6D_RRTstraRight_ML.pdf  used on input line 545.
(pdftex.def)             Requested size: 167.72658pt x 129.37364pt.
File: files/symbol_cvut_plna_samostatna_verze.pdf Graphic file (type pdf)
<use files/symbol_cvut_plna_samostatna_verze.pdf>
Package pdftex.def Info: files/symbol_cvut_plna_samostatna_verze.pdf  used on input line 545.
(pdftex.def)             Requested size: 37.2196pt x 28.45274pt.
 [24

 <./figChap5/6D_RRTstarFront_ML.pdf> <./figChap5/6D_RRTstraRight_ML.pdf

pdfTeX warning: pdflatex (file ./figChap5/6D_RRTstraRight_ML.pdf): PDF inclusion: multiple pdfs with page group included in a single page
>]
<figChap5/graph_6D_learning.pdf, id=56480, 518.77567pt x 500.00519pt>
File: figChap5/graph_6D_learning.pdf Graphic file (type pdf)
<use figChap5/graph_6D_learning.pdf>
Package pdftex.def Info: figChap5/graph_6D_learning.pdf  used on input line 561.
(pdftex.def)             Requested size: 167.72658pt x 161.6605pt.
File: files/symbol_cvut_plna_samostatna_verze.pdf Graphic file (type pdf)
<use files/symbol_cvut_plna_samostatna_verze.pdf>
Package pdftex.def Info: files/symbol_cvut_plna_samostatna_verze.pdf  used on input line 561.
(pdftex.def)             Requested size: 37.2196pt x 28.45274pt.
 [25

 <./figChap5/graph_6D_learning.pdf>]
File: files/symbol_cvut_plna_samostatna_verze.pdf Graphic file (type pdf)
<use files/symbol_cvut_plna_samostatna_verze.pdf>
Package pdftex.def Info: files/symbol_cvut_plna_samostatna_verze.pdf  used on input line 571.
(pdftex.def)             Requested size: 37.2196pt x 28.45274pt.
 [26

] (./presentation.bbl)
File: files/symbol_cvut_plna_samostatna_verze.pdf Graphic file (type pdf)
<use files/symbol_cvut_plna_samostatna_verze.pdf>
Package pdftex.def Info: files/symbol_cvut_plna_samostatna_verze.pdf  used on input line 578.
(pdftex.def)             Requested size: 37.2196pt x 28.45274pt.
 [27

 </usr/share/texlive/texmf-dist/tex/latex/beamer/beamericonarticle.pdf>]
\tf@nav=\write6
\openout6 = `presentation.nav'.

\tf@toc=\write7
\openout7 = `presentation.toc'.

\tf@snm=\write8
\openout8 = `presentation.snm'.

 (./presentation.aux)
Package rerunfilecheck Info: File `presentation.out' has not changed.
(rerunfilecheck)             Checksum: D41D8CD98F00B204E9800998ECF8427E;0.
 ) 
Here is how much of TeX's memory you used:
 26621 strings out of 478287
 525404 string characters out of 5849289
 782588 words of memory out of 5000000
 44101 multiletter control sequences out of 15000+600000
 582147 words of font info for 109 fonts, out of 8000000 for 9000
 1141 hyphenation exceptions out of 8191
 128i,19n,122p,464b,769s stack positions out of 5000i,500n,10000p,200000b,80000s
{/usr/share/texmf/fonts/enc/dvips/lm/lm-rm.enc}{/usr/share/texmf/fonts/enc/dvips/lm/lm-mathit.enc}{/usr/share/texmf/fonts/enc/dvips/lm/lm-mathsy.enc}</usr/share/texlive/texmf-dist/fonts/type1/public/amsfonts/cm/cmmi10.pfb></usr/share/texlive/texmf-dist/fonts/type1/public/amsfonts/cm/cmr10.pfb></usr/share/texlive/texmf-dist/fonts/type1/public/amsfonts/cm/cmr7.pfb></usr/share/texlive/texmf-dist/fonts/type1/public/amsfonts/cm/cmr8.pfb></usr/share/texlive/texmf-dist/fonts/type1/public/amsfonts/cm/cmsy10.pfb></usr/share/texmf/fonts/type1/public/lm/lmmi10.pfb></usr/share/texmf/fonts/type1/public/lm/lmmi8.pfb></usr/share/texmf/fonts/type1/public/lm/lmss10.pfb></usr/share/texmf/fonts/type1/public/lm/lmss12.pfb></usr/share/texmf/fonts/type1/public/lm/lmss8.pfb></usr/share/texmf/fonts/type1/public/lm/lmss9.pfb></usr/share/texmf/fonts/type1/public/lm/lmssbx10.pfb></usr/share/texmf/fonts/type1/public/lm/lmsso10.pfb></usr/share/texmf/fonts/type1/public/lm/lmsso8.pfb></usr/share/texmf/fonts/type1/public/lm/lmsy10.pfb></usr/share/texmf/fonts/type1/public/lm/lmsy6.pfb></usr/share/texmf/fonts/type1/public/lm/lmsy8.pfb>
Output written on presentation.pdf (27 pages, 12253601 bytes).
PDF statistics:
 56615 PDF objects out of 66169 (max. 8388607)
 28584 compressed objects within 286 object streams
 80 named destinations out of 1000 (max. 500000)
 274 words of extra memory for PDF output out of 10000 (max. 10000000)

